Log file open, 01/20/20 15:15:18
LogWindows: Failed to load 'aqProf.dll' (GetLastError=126)
LogWindows: File 'aqProf.dll' does not exist
LogWindows: Failed to load 'VSPerf140.dll' (GetLastError=126)
LogWindows: File 'VSPerf140.dll' does not exist
LogWindows: Failed to load 'VtuneApi.dll' (GetLastError=126)
LogWindows: File 'VtuneApi.dll' does not exist
LogWindows: Failed to load 'VtuneApi32e.dll' (GetLastError=126)
LogWindows: File 'VtuneApi32e.dll' does not exist
LogInit: Display: Running engine for game: zuzannazaremba01
LogPlatformFile: Not using cached read wrapper
LogTaskGraph: Started task graph with 5 named threads and 11 total threads with 3 sets of task threads.
LogStats: Stats thread started at 0.269517
LogD3D11RHI: Loaded GFSDK_Aftermath_Lib.x64.dll
LogICUInternationalization: Display: ICU TimeZone Detection - Raw Offset: +1:00, Platform Override: ''
LogPluginManager: Mounting plugin Paper2D
LogPluginManager: Mounting plugin AISupport
LogPluginManager: Mounting plugin LightPropagationVolume
LogPluginManager: Mounting plugin CLionSourceCodeAccess
LogPluginManager: Mounting plugin CodeLiteSourceCodeAccess
LogPluginManager: Mounting plugin GitSourceControl
LogPluginManager: Mounting plugin KDevelopSourceCodeAccess
LogPluginManager: Mounting plugin NullSourceCodeAccess
LogPluginManager: Mounting plugin PerforceSourceControl
LogPluginManager: Mounting plugin SubversionSourceControl
LogPluginManager: Mounting plugin UObjectPlugin
LogPluginManager: Mounting plugin VisualStudioCodeSourceCodeAccess
LogPluginManager: Mounting plugin VisualStudioSourceCodeAccess
LogPluginManager: Mounting plugin XCodeSourceCodeAccess
LogPluginManager: Mounting plugin AssetManagerEditor
LogPluginManager: Mounting plugin CryptoKeys
LogPluginManager: Mounting plugin DataValidation
LogPluginManager: Mounting plugin EditorScriptingUtilities
LogPluginManager: Mounting plugin FacialAnimation
LogPluginManager: Mounting plugin GameplayTagsEditor
LogPluginManager: Mounting plugin MacGraphicsSwitching
LogPluginManager: Mounting plugin MeshEditor
LogPluginManager: Mounting plugin MobileLauncherProfileWizard
LogPluginManager: Mounting plugin PluginBrowser
LogPluginManager: Mounting plugin SpeedTreeImporter
LogPluginManager: Mounting plugin DatasmithContent
LogPluginManager: Mounting plugin AlembicImporter
LogPluginManager: Mounting plugin AppleImageUtils
LogPluginManager: Mounting plugin AppleVision
LogPluginManager: Mounting plugin BackChannel
LogPluginManager: Mounting plugin CharacterAI
LogPluginManager: Mounting plugin GeometryCache
LogPluginManager: Mounting plugin HTML5Networking
LogPluginManager: Mounting plugin ProxyLODPlugin
LogPluginManager: Mounting plugin MagicLeap
LogPluginManager: Mounting plugin MagicLeapEmulator
LogPluginManager: Mounting plugin MagicLeapMedia
LogPluginManager: Mounting plugin AndroidMedia
LogPluginManager: Mounting plugin AvfMedia
LogPluginManager: Mounting plugin ImgMedia
LogPluginManager: Mounting plugin LinearTimecode
LogPluginManager: Mounting plugin MediaCompositing
LogPluginManager: Mounting plugin MediaPlayerEditor
LogPluginManager: Mounting plugin WmfMedia
LogPluginManager: Mounting plugin TcpMessaging
LogPluginManager: Mounting plugin UdpMessaging
LogPluginManager: Mounting plugin ActorSequence
LogPluginManager: Mounting plugin LevelSequenceEditor
LogPluginManager: Mounting plugin MatineeToLevelSequence
LogPluginManager: Mounting plugin NetcodeUnitTest
LogPluginManager: Mounting plugin NUTUnrealEngine4
LogPluginManager: Mounting plugin OnlineSubsystemGooglePlay
LogPluginManager: Mounting plugin OnlineSubsystemIOS
LogPluginManager: Mounting plugin OnlineSubsystem
LogPluginManager: Mounting plugin OnlineSubsystemNull
LogPluginManager: Mounting plugin OnlineSubsystemUtils
LogPluginManager: Mounting plugin LauncherChunkInstaller
LogPluginManager: Mounting plugin AndroidDeviceProfileSelector
LogPluginManager: Mounting plugin AndroidMoviePlayer
LogPluginManager: Mounting plugin AndroidPermission
LogPluginManager: Mounting plugin AppleMoviePlayer
LogPluginManager: Mounting plugin ArchVisCharacter
LogPluginManager: Mounting plugin AudioCapture
LogPluginManager: Mounting plugin CableComponent
LogPluginManager: Mounting plugin CustomMeshComponent
LogPluginManager: Mounting plugin EditableMesh
LogPluginManager: Mounting plugin ExampleDeviceProfileSelector
LogPluginManager: Mounting plugin GoogleCloudMessaging
LogPluginManager: Mounting plugin ImmediatePhysics
LogPluginManager: Mounting plugin IOSDeviceProfileSelector
LogPluginManager: Mounting plugin LinuxDeviceProfileSelector
LogPluginManager: Mounting plugin LocationServicesBPLibrary
LogPluginManager: Mounting plugin MobilePatchingUtils
LogPluginManager: Mounting plugin OculusVR
LogPluginManager: Plugin shader directory ../../../Engine/Plugins/Runtime/Oculus/OculusVR/Shaders found
LogPluginManager: Mapping shader source directory ../../../Engine/Plugins/Runtime/Oculus/OculusVR/Shaders to virtual directory /Plugin/OculusVR
LogPluginManager: Mounting plugin PhysXVehicles
LogPluginManager: Mounting plugin ProceduralMeshComponent
LogPluginManager: Mounting plugin RuntimePhysXCooking
LogPluginManager: Mounting plugin SteamVR
LogPluginManager: Mounting plugin WindowsMoviePlayer
LogPluginManager: Mounting plugin DatasmithCADImporter
LogPluginManager: Mounting plugin DatasmithFBXImporter
LogPluginManager: Mounting plugin DatasmithImporter
LogPluginManager: Mounting plugin DatasmithMDLImporter
LogPluginManager: Mounting plugin StaticMeshEditorExtension
LogStreaming: Display: Took  0.280s to configure plugins.
LogInit: Using libcurl 7.55.1-DEV
LogInit:  - built for x86_64-pc-win32
LogInit:  - supports SSL with OpenSSL/1.0.2h
LogInit:  - supports HTTP deflate (compression) using libz 1.2.8
LogInit:  - other features:
LogInit:      CURL_VERSION_SSL
LogInit:      CURL_VERSION_LIBZ
LogInit:      CURL_VERSION_IPV6
LogInit:      CURL_VERSION_ASYNCHDNS
LogInit:      CURL_VERSION_LARGEFILE
LogInit:      CURL_VERSION_IDN
LogInit:  CurlRequestOptions (configurable via config and command line):
LogInit:  - bVerifyPeer = false  - Libcurl will NOT verify peer certificate
LogInit:  - bUseHttpProxy = false  - Libcurl will NOT use HTTP proxy
LogInit:  - bDontReuseConnections = false  - Libcurl will reuse connections
LogInit:  - CertBundlePath = nullptr  - Libcurl will use whatever was configured at build time.
LogInit:  - MaxHostConnections = 16  - Libcurl will limit the number of connections to a host
LogInit:  - LocalHostAddr = Default
LogInit:  - BufferSize = 65536
LogInit: WinSock: version 1.1 (2.2), MaxSocks=32767, MaxUdp=65467
LogInit: Build: ++UE4+Release-4.20-CL-4369336
LogInit: Engine Version: 4.20.3-4369336+++UE4+Release-4.20
LogInit: Compatible Engine Version: 4.20.0-4212847+++UE4+Release-4.20
LogInit: Net CL: 4212847
LogInit: OS: Windows 10 (), CPU: Intel(R) Core(TM) i5-7200U CPU @ 2.50GHz, GPU: Intel(R) HD Graphics 620
LogInit: Compiled (64-bit): Sep 17 2018 12:26:19
LogInit: Compiled with Visual C++: 19.13.26129.00
LogInit: Build Configuration: Development
LogInit: Branch Name: ++UE4+Release-4.20
LogInit: Command Line:  
LogInit: Base Directory: C:/Program Files/Epic Games/UE_4.20/Engine/Binaries/Win64/
LogInit: Installed Engine Build: 1
LogDevObjectVersion: Number of dev versions registered: 20
LogDevObjectVersion:   Dev-Blueprints (B0D832E4-1F89-4F0D-ACCF-7EB736FD4AA2): 10
LogDevObjectVersion:   Dev-Build (E1C64328-A22C-4D53-A36C-8E866417BD8C): 0
LogDevObjectVersion:   Dev-Core (375EC13C-06E4-48FB-B500-84F0262A717E): 2
LogDevObjectVersion:   Dev-Editor (E4B068ED-F494-42E9-A231-DA0B2E46BB41): 24
LogDevObjectVersion:   Dev-Framework (CFFC743F-43B0-4480-9391-14DF171D2073): 34
LogDevObjectVersion:   Dev-Mobile (B02B49B5-BB20-44E9-A304-32B752E40360): 2
LogDevObjectVersion:   Dev-Networking (A4E4105C-59A1-49B5-A7C5-40C4547EDFEE): 0
LogDevObjectVersion:   Dev-Online (39C831C9-5AE6-47DC-9A44-9C173E1C8E7C): 0
LogDevObjectVersion:   Dev-Physics (78F01B33-EBEA-4F98-B9B4-84EACCB95AA2): 0
LogDevObjectVersion:   Dev-Platform (6631380F-2D4D-43E0-8009-CF276956A95A): 0
LogDevObjectVersion:   Dev-Rendering (12F88B9F-8875-4AFC-A67C-D90C383ABD29): 26
LogDevObjectVersion:   Dev-Sequencer (7B5AE74C-D270-4C10-A958-57980B212A5A): 9
LogDevObjectVersion:   Dev-VR (D7296918-1DD6-4BDD-9DE2-64A83CC13884): 2
LogDevObjectVersion:   Dev-LoadTimes (C2A15278-BFE7-4AFE-6C17-90FF531DF755): 1
LogDevObjectVersion:   Private-Geometry (6EACA3D4-40EC-4CC1-B786-8BED09428FC5): 3
LogDevObjectVersion:   Dev-AnimPhys (29E575DD-E0A3-4627-9D10-D276232CDCEA): 17
LogDevObjectVersion:   Dev-ReflectionCapture (6B266CEC-1EC7-4B8F-A30B-E4D90942FC07): 1
LogDevObjectVersion:   Dev-Automation (0DF73D61-A23F-47EA-B727-89E90C41499A): 1
LogDevObjectVersion:   FortniteMain (601D1886-AC64-4F84-AA16-D3DE0DEAC7D6): 12
LogDevObjectVersion:   Dev-Enterprise (9DFFBCD6-494F-0158-E221-12823C92A888): 1
LogStreaming: Display: Took  0.001s to delete old logs.
LogInit: Presizing for max 8388607 objects, including 0 objects not considered by GC, pre-allocating 0 bytes for permanent pool.
LogInit: Object subsystem initialized
[2020.01.20-14.15.19:430][  0]LogInit: Selected Device Profile: [Windows]
[2020.01.20-14.15.19:430][  0]LogInit: Applying CVar settings loaded from the selected device profile: [Windows]
[2020.01.20-14.15.19:458][  0]LogHAL: Display: Platform has ~ 16 GB [17054547968 / 17179869184 / 16], which maps to Larger [LargestMinGB=32, LargerMinGB=12, DefaultMinGB=8, SmallerMinGB=6, SmallestMinGB=0)
[2020.01.20-14.15.19:458][  0]LogInit: Setting Device Profile CVar: [[r.Vulkan.UseRealUBs:1]]
[2020.01.20-14.15.19:459][  0]LogInit: Going up to parent DeviceProfile []
[2020.01.20-14.15.19:470][  0]LogInit: Computer: DESKTOP-JSE2T28
[2020.01.20-14.15.19:470][  0]LogInit: User: Ja
[2020.01.20-14.15.19:470][  0]LogInit: CPU Page size=4096, Cores=2
[2020.01.20-14.15.19:471][  0]LogInit: High frequency timer resolution =10.000000 MHz
[2020.01.20-14.15.19:471][  0]LogMemory: Memory total: Physical=15.9GB (16GB approx)
[2020.01.20-14.15.19:471][  0]LogMemory: Platform Memory Stats for Windows
[2020.01.20-14.15.19:471][  0]LogMemory: Process Physical Memory: 103.61 MB used, 103.61 MB peak
[2020.01.20-14.15.19:471][  0]LogMemory: Process Virtual Memory: 84.35 MB used, 84.35 MB peak
[2020.01.20-14.15.19:471][  0]LogMemory: Physical Memory: 5541.21 MB used,  10723.27 MB free, 16264.48 MB total
[2020.01.20-14.15.19:471][  0]LogMemory: Virtual Memory: 4590.87 MB used,  10723.27 MB free, 134217728.00 MB total
[2020.01.20-14.15.19:515][  0]LogInit: Using OS detected language (pl-PL).
[2020.01.20-14.15.19:515][  0]LogInit: Using OS detected locale (pl-PL).
[2020.01.20-14.15.19:518][  0]LogTextLocalizationManager: No specific localization for 'pl-PL' exists, so the 'pl' localization will be used.
[2020.01.20-14.15.19:548][  0]LogStreaming: Display: Took  0.033s to InitEngineTextLocalization.
[2020.01.20-14.15.19:548][  0]LogInit: Setting process to per monitor DPI aware
[2020.01.20-14.15.19:683][  0]LogSlate: New Slate User Created.  User Index 0, Is Virtual User: 0
[2020.01.20-14.15.19:683][  0]LogSlate: Slate User Registered.  User Index 0, Is Virtual User: 0
[2020.01.20-14.15.24:575][  0]LogHMD: Failed to initialize OpenVR with code 110
[2020.01.20-14.15.24:575][  0]LogD3D11RHI: D3D11 adapters:
[2020.01.20-14.15.24:644][  0]LogD3D11RHI:    0. 'NVIDIA GeForce 940MX' (Feature Level 11_0)
[2020.01.20-14.15.24:644][  0]LogD3D11RHI:       2019/0/8132 MB DedicatedVideo/DedicatedSystem/SharedSystem, Outputs:1, VendorId:0x10de
[2020.01.20-14.15.24:660][  0]LogD3D11RHI:    1. 'Intel(R) HD Graphics 620' (Feature Level 11_0)
[2020.01.20-14.15.24:660][  0]LogD3D11RHI:       128/0/8132 MB DedicatedVideo/DedicatedSystem/SharedSystem, Outputs:0, VendorId:0x8086
[2020.01.20-14.15.24:664][  0]LogD3D11RHI:    2. 'Microsoft Basic Render Driver' (Feature Level 11_0)
[2020.01.20-14.15.24:664][  0]LogD3D11RHI:       0/0/8132 MB DedicatedVideo/DedicatedSystem/SharedSystem, Outputs:0, VendorId:0x1414
[2020.01.20-14.15.24:664][  0]LogD3D11RHI: Chosen D3D11 Adapter: 0
[2020.01.20-14.15.24:714][  0]LogD3D11RHI: Creating new Direct3DDevice
[2020.01.20-14.15.24:714][  0]LogD3D11RHI:     GPU DeviceId: 0x179c (for the marketing name, search the web for "GPU Device Id")
[2020.01.20-14.15.24:714][  0]LogWindows: EnumDisplayDevices:
[2020.01.20-14.15.24:714][  0]LogWindows:    0. 'Intel(R) HD Graphics 620' (P:1 D:1)
[2020.01.20-14.15.24:715][  0]LogWindows:    1. 'Intel(R) HD Graphics 620' (P:0 D:0)
[2020.01.20-14.15.24:715][  0]LogWindows:    2. 'Intel(R) HD Graphics 620' (P:0 D:0)
[2020.01.20-14.15.24:715][  0]LogWindows: DebugString: PrimaryIsNotTheChoosenAdapter PrimaryIsNotTheChoosenAdapter PrimaryIsNotTheChoosenAdapter FoundDriverCount:0 
[2020.01.20-14.15.24:715][  0]LogD3D11RHI:     Adapter Name: NVIDIA GeForce 940MX
[2020.01.20-14.15.24:715][  0]LogD3D11RHI:   Driver Version: Unknown (internal:Unknown, unified:Unknown)
[2020.01.20-14.15.24:715][  0]LogD3D11RHI:      Driver Date: Unknown
[2020.01.20-14.15.24:715][  0]LogRHI: Texture pool is 1413 MB (70% of 2019 MB)
[2020.01.20-14.15.24:753][  0]LogD3D11RHI: Async texture creation enabled
[2020.01.20-14.15.24:766][  0]LogD3D11RHI: GPU Timing Frequency: 1000.000000 (Debug: 2 1)
[2020.01.20-14.15.24:767][  0]LogShaderCompilers: Guid format shader working directory is -23 characters bigger than the processId version (../../../../../../Users/Ja/Desktop/programowanko/zuzannazaremba01/Intermediate/Shaders/WorkingDirectory/18508/).
[2020.01.20-14.15.24:768][  0]LogShaderCompilers: Cleaned the shader compiler working directory 'C:/Users/Ja/AppData/Local/Temp/UnrealShaderWorkingDir/6A8B2A1C40F6CB5C114E77B7EEE3F47D/'.
[2020.01.20-14.15.25:299][  0]LogTemp: Display: Loaded TP AllDesktopTargetPlatform
[2020.01.20-14.15.25:320][  0]LogTemp: Display: Loaded TP MacClientTargetPlatform
[2020.01.20-14.15.25:340][  0]LogTemp: Display: Loaded TP MacNoEditorTargetPlatform
[2020.01.20-14.15.25:360][  0]LogTemp: Display: Loaded TP MacServerTargetPlatform
[2020.01.20-14.15.25:435][  0]LogTemp: Display: Loaded TP MacTargetPlatform
[2020.01.20-14.15.25:456][  0]LogTemp: Display: Loaded TP WindowsClientTargetPlatform
[2020.01.20-14.15.25:478][  0]LogTemp: Display: Loaded TP WindowsNoEditorTargetPlatform
[2020.01.20-14.15.25:497][  0]LogTemp: Display: Loaded TP WindowsServerTargetPlatform
[2020.01.20-14.15.25:508][  0]LogTemp: Display: Loaded TP WindowsTargetPlatform
[2020.01.20-14.15.25:628][  0]LogTemp: Display: Loaded TP AndroidTargetPlatform
[2020.01.20-14.15.25:629][  0]LogTemp: Display: Loaded TP AndroidTargetPlatform
[2020.01.20-14.15.25:629][  0]LogTemp: Display: Loaded TP AndroidTargetPlatform
[2020.01.20-14.15.25:629][  0]LogTemp: Display: Loaded TP AndroidTargetPlatform
[2020.01.20-14.15.25:629][  0]LogTemp: Display: Loaded TP AndroidTargetPlatform
[2020.01.20-14.15.25:629][  0]LogTemp: Display: Loaded TP AndroidTargetPlatform
[2020.01.20-14.15.25:629][  0]LogTemp: Display: Loaded TP AndroidTargetPlatform
[2020.01.20-14.15.25:629][  0]LogTemp: Display: Loaded TP AndroidTargetPlatform
[2020.01.20-14.15.25:629][  0]LogTemp: Display: Loaded TP AndroidTargetPlatform
[2020.01.20-14.15.25:629][  0]LogTemp: Display: Loaded TP AndroidTargetPlatform
[2020.01.20-14.15.25:629][  0]LogTemp: Display: Loaded TP AndroidTargetPlatform
[2020.01.20-14.15.25:629][  0]LogTemp: Display: Loaded TP AndroidTargetPlatform
[2020.01.20-14.15.25:629][  0]LogTemp: Display: Loaded TP AndroidTargetPlatform
[2020.01.20-14.15.25:629][  0]LogTemp: Display: Loaded TP AndroidTargetPlatform
[2020.01.20-14.15.25:629][  0]LogTemp: Display: Loaded TP AndroidTargetPlatform
[2020.01.20-14.15.25:629][  0]LogTemp: Display: Loaded TP AndroidTargetPlatform
[2020.01.20-14.15.25:629][  0]LogTemp: Display: Loaded TP AndroidTargetPlatform
[2020.01.20-14.15.25:629][  0]LogTemp: Display: Loaded TP AndroidTargetPlatform
[2020.01.20-14.15.25:632][  0]LogTemp: Display: Loaded TP HTML5TargetPlatform
[2020.01.20-14.15.25:727][  0]LogTemp: Display: Loaded TP IOSTargetPlatform
[2020.01.20-14.15.25:727][  0]LogTemp: Display: Loaded TP IOSTargetPlatform
[2020.01.20-14.15.25:778][  0]LogTemp: Display: Loaded TP TVOSTargetPlatform
[2020.01.20-14.15.25:779][  0]LogTemp: Display: Loaded TP TVOSTargetPlatform
[2020.01.20-14.15.25:795][  0]LogTemp: Display: Loaded TP LinuxClientTargetPlatform
[2020.01.20-14.15.25:812][  0]LogTemp: Display: Loaded TP LinuxNoEditorTargetPlatform
[2020.01.20-14.15.25:828][  0]LogTemp: Display: Loaded TP LinuxServerTargetPlatform
[2020.01.20-14.15.25:873][  0]LogTemp: Display: Loaded TP LinuxTargetPlatform
[2020.01.20-14.15.25:887][  0]LogTemp: Display: Loaded TP LuminTargetPlatform
[2020.01.20-14.15.25:887][  0]LogTargetPlatformManager: Display: Building Assets For Windows
[2020.01.20-14.15.26:037][  0]LogXGEController: Cleaning working directory: C:/Users/Ja/AppData/Local/Temp/UnrealXGEWorkingDir/
[2020.01.20-14.15.26:037][  0]LogXGEController: Cannot use XGE Controller as Incredibuild is not installed on this machine.
[2020.01.20-14.15.26:037][  0]LogShaderCompilers: Cannot use XGE Shader Compiler as Incredibuild is not installed on this machine.
[2020.01.20-14.15.26:037][  0]LogShaderCompilers: Display: Using Local Shader Compiler.
[2020.01.20-14.15.27:849][  0]LogDerivedDataCache: Display: Max Cache Size: 512 MB
[2020.01.20-14.15.28:247][  0]LogDerivedDataCache: Loaded boot cache 0.40s 72MB C:/Users/Ja/AppData/Local/UnrealEngine/4.20/DerivedDataCache/Boot.ddc.
[2020.01.20-14.15.28:248][  0]LogDerivedDataCache: Display: Loaded Boot cache: C:/Users/Ja/AppData/Local/UnrealEngine/4.20/DerivedDataCache/Boot.ddc
[2020.01.20-14.15.28:248][  0]LogDerivedDataCache: FDerivedDataBackendGraph:  Pak pak cache file ../../../../../../Users/Ja/Desktop/programowanko/zuzannazaremba01/DerivedDataCache/DDC.ddp not found, will not use a pak cache.
[2020.01.20-14.15.28:248][  0]LogDerivedDataCache: Unable to find inner node Pak for hierarchical cache Hierarchy.
[2020.01.20-14.15.28:248][  0]LogDerivedDataCache: FDerivedDataBackendGraph:  CompressedPak pak cache file ../../../../../../Users/Ja/Desktop/programowanko/zuzannazaremba01/DerivedDataCache/Compressed.ddp not found, will not use a pak cache.
[2020.01.20-14.15.28:248][  0]LogDerivedDataCache: Unable to find inner node CompressedPak for hierarchical cache Hierarchy.
[2020.01.20-14.15.28:264][  0]LogDerivedDataCache: Display: Pak cache opened for reading ../../../Engine/DerivedDataCache/Compressed.ddp.
[2020.01.20-14.15.28:277][  0]LogDerivedDataCache: Using Local data cache path C:/Users/Ja/AppData/Local/UnrealEngine/Common/DerivedDataCache: Writable
[2020.01.20-14.15.28:277][  0]LogDerivedDataCache: Shared data cache path not found in *engine.ini, will not use an Shared cache.
[2020.01.20-14.15.28:277][  0]LogDerivedDataCache: Unable to find inner node Shared for hierarchical cache Hierarchy.
[2020.01.20-14.15.28:297][  0]LogMaterial: Verifying Global Shaders for PCD3D_SM5
[2020.01.20-14.15.28:298][  0]LogSlate: Using FreeType 2.6.0
[2020.01.20-14.15.28:325][  0]LogSlate: SlateFontServices - WITH_FREETYPE: 1, WITH_HARFBUZZ: 1
[2020.01.20-14.15.29:858][  0]LogAssetRegistry: FAssetRegistry took 0.0311 seconds to start up
[2020.01.20-14.15.30:391][  0]LogInit: Selected Device Profile: [Windows]
[2020.01.20-14.15.30:583][  0]LogSimplygon: Simplygon DLL not present - disabling.
[2020.01.20-14.15.30:590][  0]LogMeshReduction: Using SimplygonSwarm for distributed automatic mesh merging
[2020.01.20-14.15.30:590][  0]LogMeshReduction: Using ProxyLODMeshReduction for automatic mesh merging
[2020.01.20-14.15.30:590][  0]LogMeshReduction: Using QuadricMeshReduction for automatic static mesh reduction
[2020.01.20-14.15.30:590][  0]LogMeshReduction: No automatic skeletal mesh reduction module available
[2020.01.20-14.15.30:608][  0]LogNetVersion: zuzannazaremba01 1.0.0, NetCL: 4212847, EngineNetVer: 5, GameNetVer: 0 (Checksum: 2516661016)
[2020.01.20-14.15.31:272][  0]LogPackageLocalizationCache: Processed 13 localized package path(s) for 2 prioritized culture(s) in 0.146182 seconds
[2020.01.20-14.15.31:279][  0]LogUObjectArray: 38425 objects as part of root set at end of initial load.
[2020.01.20-14.15.31:279][  0]LogUObjectAllocator: 6690872 out of 0 bytes used by permanent object pool.
[2020.01.20-14.15.31:279][  0]LogUObjectArray: CloseDisregardForGC: 0/0 objects in disregard for GC pool
[2020.01.20-14.15.52:566][  0]LogTcpMessaging: Initializing TcpMessaging bridge
[2020.01.20-14.15.52:582][  0]LogUdpMessaging: Initializing bridge on interface 0.0.0.0:0 to multicast group 230.0.0.1:6666.
[2020.01.20-14.15.52:825][  0]SourceControl: Source control is disabled
[2020.01.20-14.15.52:826][  0]SourceControl: Source control is disabled
[2020.01.20-14.15.52:828][  0]SourceControl: Source control is disabled
[2020.01.20-14.15.52:830][  0]SourceControl: Source control is disabled
[2020.01.20-14.15.53:096][  0]LogAndroidPermission: UAndroidPermissionCallbackProxy::GetInstance
[2020.01.20-14.15.53:174][  0]LogOcInput: OculusInput pre-init called
[2020.01.20-14.15.56:200][  0]LogEngine: Initializing Engine...
[2020.01.20-14.15.56:201][  0]LogHMD: Failed to initialize OpenVR with code 110
[2020.01.20-14.15.56:203][  0]LogStats: UGameplayTagsManager::ConstructGameplayTagTree: ImportINI prefixes -  0.000 s
[2020.01.20-14.15.56:203][  0]LogStats: UGameplayTagsManager::ConstructGameplayTagTree: Construct from data asset -  0.000 s
[2020.01.20-14.15.56:203][  0]LogStats: UGameplayTagsManager::ConstructGameplayTagTree: ImportINI -  0.000 s
[2020.01.20-14.15.56:203][  0]LogStats: UGameplayTagsManager::ConstructGameplayTagTree: GameplayTagTreeChangedEvent.Broadcast -  0.000 s
[2020.01.20-14.15.56:450][  0]LogInit: Initializing FReadOnlyCVARCache
[2020.01.20-14.15.56:475][  0]LogAIModule: Creating AISystem for world Untitled
[2020.01.20-14.15.56:487][  0]LogInit: XAudio2 using 'Speakers (Conexant SmartAudio HD)' : 2 channels at 48 kHz using 32 bits per sample (channel mask 0x3)
[2020.01.20-14.15.57:620][  0]LogInit: FAudioDevice initialized.
[2020.01.20-14.15.57:621][  0]LogNetVersion: Set ProjectVersion to 1.0.0.0. Version Checksum will be recalculated on next use.
[2020.01.20-14.15.57:988][  0]LogDerivedDataCache: Saved boot cache 0.37s 72MB C:/Users/Ja/AppData/Local/UnrealEngine/4.20/DerivedDataCache/Boot.ddc.
[2020.01.20-14.15.57:993][  0]LogInit: Texture streaming: Enabled
[2020.01.20-14.15.58:029][  0]LogEngineSessionManager: EngineSessionManager initialized
[2020.01.20-14.15.58:052][  0]LogInit: Transaction tracking system initialized
[2020.01.20-14.15.58:102][  0]BlueprintLog: New page: Editor Load
[2020.01.20-14.15.58:260][  0]LocalizationService: Localization service is disabled
[2020.01.20-14.15.58:684][  0]LogCook: Display: Max memory allowance for cook 16384mb min free memory 0mb
[2020.01.20-14.15.58:684][  0]LogCook: Display: Mobile HDR setting 1
[2020.01.20-14.15.58:684][  0]LogGameplayTags: Display: UGameplayTagsManager::DoneAddingNativeTags. DelegateIsBound: 0
[2020.01.20-14.15.58:684][  0]LogStats: UGameplayTagsManager::ConstructGameplayTagTree: ImportINI prefixes -  0.000 s
[2020.01.20-14.15.58:684][  0]LogStats: UGameplayTagsManager::ConstructGameplayTagTree: Construct from data asset -  0.000 s
[2020.01.20-14.15.58:685][  0]LogStats: UGameplayTagsManager::ConstructGameplayTagTree: ImportINI -  0.000 s
[2020.01.20-14.15.58:685][  0]LogStats: UGameplayTagsManager::ConstructGameplayTagTree: GameplayTagTreeChangedEvent.Broadcast -  0.000 s
[2020.01.20-14.15.58:926][  0]LogFileCache: Scanning file cache for directory 'C:/Users/Ja/Desktop/programowanko/zuzannazaremba01/Content/' took 0.02s
[2020.01.20-14.16.00:816][  0]SourceControl: Source control is disabled
[2020.01.20-14.16.00:816][  0]Cmd: MAP LOAD FILE="../../../../../../Users/Ja/Desktop/programowanko/zuzannazaremba01/Content/StarterContent/Maps/Minimal_Default.umap" TEMPLATE=0 SHOWPROGRESS=1 FEATURELEVEL=3
[2020.01.20-14.16.00:817][  0]LightingResults: New page: Lighting Build
[2020.01.20-14.16.00:822][  0]MapCheck: New page: Map Check
[2020.01.20-14.16.00:822][  0]LightingResults: New page: Lighting Build
[2020.01.20-14.16.01:287][  0]LogAIModule: Creating AISystem for world Minimal_Default
[2020.01.20-14.16.01:298][  0]LogEditorServer: Finished looking for orphan Actors (0.000 secs)
[2020.01.20-14.16.01:322][  0]Cmd: MAP CHECKDEP NOCLEARLOG
[2020.01.20-14.16.01:462][  0]MapCheck: Map check complete: 0 Error(s), 0 Warning(s), took 139,825ms to complete.
[2020.01.20-14.16.01:462][  0]LogFileHelpers: Loading map 'Minimal_Default' took 0.645
[2020.01.20-14.16.01:612][  0]LogSlate: Updating window title bar state: overlay mode, drag disabled, window buttons hidden, title bar hidden
[2020.01.20-14.16.01:620][  0]LogSlate: Updating window title bar state: overlay mode, drag disabled, window buttons hidden, title bar hidden
[2020.01.20-14.16.01:629][  0]LogSlate: Updating window title bar state: overlay mode, drag disabled, window buttons hidden, title bar hidden
[2020.01.20-14.16.01:638][  0]LogSlate: Updating window title bar state: overlay mode, drag disabled, window buttons hidden, title bar hidden
[2020.01.20-14.16.01:651][  0]LogCollectionManager: Loaded 0 collections in 0.004169 seconds
[2020.01.20-14.16.01:697][  0]LogFileCache: Scanning file cache for directory 'C:/Users/Ja/Desktop/programowanko/zuzannazaremba01/Saved/Collections/' took 0.01s
[2020.01.20-14.16.01:697][  0]LogFileCache: Scanning file cache for directory 'C:/Users/Ja/Desktop/programowanko/zuzannazaremba01/Content/Developers/Ja/Collections/' took 0.01s
[2020.01.20-14.16.01:698][  0]LogFileCache: Scanning file cache for directory 'C:/Users/Ja/Desktop/programowanko/zuzannazaremba01/Content/Collections/' took 0.01s
[2020.01.20-14.16.01:698][  0]LogCollectionManager: Rebuilt the GUID cache for 0 collections in 0.000000 seconds
[2020.01.20-14.16.01:708][  0]LogContentBrowser: Native class hierarchy populated in 0.0100 seconds. Added 2621 classes and 629 folders.
[2020.01.20-14.16.01:718][  0]LogContentBrowser: Native class hierarchy updated for 'WidgetCarousel' in 0.0003 seconds. Added 0 classes and 0 folders.
[2020.01.20-14.16.02:388][  0]LogContentBrowser: Native class hierarchy updated for 'AddContentDialog' in 0.0004 seconds. Added 0 classes and 0 folders.
[2020.01.20-14.16.02:410][  0]LogContentBrowser: Native class hierarchy updated for 'SceneOutliner' in 0.0003 seconds. Added 1 classes and 2 folders.
[2020.01.20-14.16.02:464][  0]LogSlate: Took 0.023157 seconds to synchronously load lazily loaded font '../../../Engine/Content/Slate/Fonts/Roboto-Regular.ttf' (155K)
[2020.01.20-14.16.02:510][  0]LogSlate: Took 0.043185 seconds to synchronously load lazily loaded font '../../../Engine/Content/Slate/Fonts/Roboto-Bold.ttf' (160K)
[2020.01.20-14.16.02:536][  0]LogSlate: Took 0.022063 seconds to synchronously load lazily loaded font '../../../Engine/Content/Editor/Slate/Fonts/FontAwesome.ttf' (139K)
[2020.01.20-14.16.02:637][  0]LogRenderer: Reallocating scene render targets to support 1200x608 Format 10 NumSamples 1 (Frame:1).
[2020.01.20-14.16.02:845][  0]LogContentBrowser: Native class hierarchy updated for 'HierarchicalLODOutliner' in 0.0003 seconds. Added 0 classes and 0 folders.
[2020.01.20-14.16.02:845][  0]LogLoad: (Engine Initialization) Total time: 48.98 seconds
[2020.01.20-14.16.02:845][  0]LogLoad: (Engine Initialization) Total Blueprint compile time: 0.00 seconds
[2020.01.20-14.16.02:884][  0]LogContentStreaming: Texture pool size now 1000 MB
[2020.01.20-14.16.02:915][  0]LogSlate: Took 0.019327 seconds to synchronously load lazily loaded font '../../../Engine/Content/Slate/Fonts/Roboto-Light.ttf' (167K)
[2020.01.20-14.16.02:936][  1]LogAssetRegistry: Asset discovery search completed in 33.1012 seconds
[2020.01.20-14.16.02:939][  1]LogCollectionManager: Rebuilt the object cache for 0 collections in 0.000000 seconds (found 0 objects)
[2020.01.20-14.16.02:939][  1]LogCollectionManager: Fixed up redirectors for 0 collections in 0.000082 seconds (updated 0 objects)
[2020.01.20-14.16.13:008][461]LogSlate: FSceneViewport::OnFocusLost() reason 2
[2020.01.20-14.16.15:152][582]LogSlate: Took 0.000542 seconds to synchronously load lazily loaded font '../../../Engine/Content/Slate/Fonts/Roboto-Light.ttf' (167K)
[2020.01.20-14.16.15:277][582]LogAIModule: Creating AISystem for world level1
[2020.01.20-14.16.15:286][582]LogAssetEditorManager: Opening Asset editor for World /Game/StarterContent/Maps/level1.level1
[2020.01.20-14.16.15:308][582]Cmd: MAP LOAD FILE="../../../../../../Users/Ja/Desktop/programowanko/zuzannazaremba01/Content/StarterContent/Maps/level1.umap" TEMPLATE=0 SHOWPROGRESS=1 FEATURELEVEL=3
[2020.01.20-14.16.15:308][582]LightingResults: New page: Lighting Build
[2020.01.20-14.16.15:309][582]LoadErrors: New page: Loading map: level1.umap
[2020.01.20-14.16.15:310][582]MapCheck: New page: Map Check
[2020.01.20-14.16.15:310][582]LightingResults: New page: Lighting Build
[2020.01.20-14.16.15:337][582]LogEditorServer: Finished looking for orphan Actors (0.000 secs)
[2020.01.20-14.16.15:387][582]Cmd: MAP CHECKDEP NOCLEARLOG
[2020.01.20-14.16.15:556][582]MapCheck: Map check complete: 0 Error(s), 0 Warning(s), took 167,902ms to complete.
[2020.01.20-14.16.15:557][582]LogFileHelpers: Loading map 'level1' took 0.250
[2020.01.20-14.16.16:454][612]LogSlate: FSceneViewport::OnFocusLost() reason 2
[2020.01.20-14.16.17:306][656]LogSlate: FSceneViewport::OnFocusLost() reason 2
[2020.01.20-14.16.17:313][656]LogAssetEditorManager: Opening Asset editor for LevelScriptBlueprint /Game/StarterContent/Maps/level1.level1:PersistentLevel.level1
[2020.01.20-14.16.18:006][656]LogContentBrowser: Native class hierarchy updated for 'BlueprintGraph' in 0.0007 seconds. Added 116 classes and 0 folders.
[2020.01.20-14.16.19:001][656]LogSlate: Took 0.000381 seconds to synchronously load lazily loaded font '../../../Engine/Content/Slate/Fonts/Roboto-BoldCondensed.ttf' (158K)
[2020.01.20-14.17.01:015][ 57]LogSlate: Window 'level1* - Level Blueprint Editor' being destroyed
[2020.01.20-14.17.01:020][ 57]LogSlate: Window 'level1* - Level Blueprint Editor' being destroyed
[2020.01.20-14.17.01:675][ 88]LogSlate: FSceneViewport::OnFocusLost() reason 0
[2020.01.20-14.17.08:758][ 93]LogSlate: Window 'Save Content' being destroyed
[2020.01.20-14.17.08:776][ 93]LogSlate: FSceneViewport::OnFocusLost() reason 2
[2020.01.20-14.17.09:121][ 93]LogSavePackage: Moving '../../../../../../Users/Ja/Desktop/programowanko/zuzannazaremba01/Saved/level151E40B08472688818CC7918006BB7AC4.tmp' to '../../../../../../Users/Ja/Desktop/programowanko/zuzannazaremba01/Content/StarterContent/Maps/level1.umap'
[2020.01.20-14.17.09:142][ 93]LogFileHelpers: Saving map 'level1' took 0.346
[2020.01.20-14.17.09:194][ 93]LogSlate: Window 'zuzannazaremba01 - Unreal Editor' being destroyed
[2020.01.20-14.17.09:195][ 93]LogWindowsTextInputMethodSystem: Display: IME system now deactivated.
[2020.01.20-14.17.09:395][ 94]Cmd: QUIT_EDITOR
[2020.01.20-14.17.09:430][ 94]LogExit: Preparing to exit.
[2020.01.20-14.17.09:716][ 94]LogExit: Editor shut down
[2020.01.20-14.17.09:717][ 94]LogExit: Transaction tracking system shut down
[2020.01.20-14.17.10:982][ 94]LogExit: Object subsystem successfully closed.
[2020.01.20-14.17.11:033][ 94]LogShaderCompilers: Display: Shaders left to compile 0
[2020.01.20-14.17.11:044][ 94]LogD3D11RHI: Shutdown
[2020.01.20-14.17.11:044][ 94]LogD3D11RHI: CleanupD3DDevice
[2020.01.20-14.17.11:047][ 94]LogD3D11RHI: ~FD3D11DynamicRHI
[2020.01.20-14.17.11:127][ 94]LogModuleManager: Shutting down and abandoning module BlueprintGraph (630)
[2020.01.20-14.17.11:127][ 94]LogModuleManager: Shutting down and abandoning module HierarchicalLODOutliner (628)
[2020.01.20-14.17.11:127][ 94]LogModuleManager: Shutting down and abandoning module SceneOutliner (626)
[2020.01.20-14.17.11:127][ 94]LogModuleManager: Shutting down and abandoning module AddContentDialog (624)
[2020.01.20-14.17.11:127][ 94]LogModuleManager: Shutting down and abandoning module WidgetCarousel (623)
[2020.01.20-14.17.11:128][ 94]LogModuleManager: Shutting down and abandoning module EditorWidgets (620)
[2020.01.20-14.17.11:128][ 94]LogModuleManager: Shutting down and abandoning module CollectionManager (618)
[2020.01.20-14.17.11:128][ 94]LogModuleManager: Shutting down and abandoning module StatsViewer (616)
[2020.01.20-14.17.11:128][ 94]LogModuleManager: Shutting down and abandoning module FoliageEdit (614)
[2020.01.20-14.17.11:128][ 94]LogModuleManager: Shutting down and abandoning module LandscapeEditor (612)
[2020.01.20-14.17.11:128][ 94]LogModuleManager: Shutting down and abandoning module MeshPaintMode (610)
[2020.01.20-14.17.11:128][ 94]LogModuleManager: Shutting down and abandoning module SceneDepthPickerMode (608)
[2020.01.20-14.17.11:128][ 94]LogModuleManager: Shutting down and abandoning module ActorPickerMode (606)
[2020.01.20-14.17.11:128][ 94]LogModuleManager: Shutting down and abandoning module GeometryMode (604)
[2020.01.20-14.17.11:129][ 94]LogModuleManager: Shutting down and abandoning module TextureAlignMode (602)
[2020.01.20-14.17.11:129][ 94]LogModuleManager: Shutting down and abandoning module BspMode (600)
[2020.01.20-14.17.11:129][ 94]LogModuleManager: Shutting down and abandoning module PIEPreviewDeviceProfileSelector (598)
[2020.01.20-14.17.11:129][ 94]LogModuleManager: Shutting down and abandoning module SequenceRecorderSections (596)
[2020.01.20-14.17.11:129][ 94]LogModuleManager: Shutting down and abandoning module AutomationWorker (594)
[2020.01.20-14.17.11:129][ 94]LogModuleManager: Shutting down and abandoning module DatasmithFBXImporter (592)
[2020.01.20-14.17.11:129][ 94]LogModuleManager: Shutting down and abandoning module DatasmithDeltaGenImporter (590)
[2020.01.20-14.17.11:129][ 94]LogModuleManager: Shutting down and abandoning module DatasmithVREDImporter (588)
[2020.01.20-14.17.11:129][ 94]LogModuleManager: Shutting down and abandoning module AudioCaptureEditor (586)
[2020.01.20-14.17.11:129][ 94]LogModuleManager: Shutting down and abandoning module SequenceRecorder (585)
[2020.01.20-14.17.11:129][ 94]LogModuleManager: Shutting down and abandoning module MatineeToLevelSequence (582)
[2020.01.20-14.17.11:129][ 94]LogModuleManager: Shutting down and abandoning module LevelSequenceEditor (580)
[2020.01.20-14.17.11:129][ 94]LogModuleManager: Shutting down and abandoning module PlacementMode (579)
[2020.01.20-14.17.11:129][ 94]LogModuleManager: Shutting down and abandoning module MaterialEditor (578)
[2020.01.20-14.17.11:129][ 94]LogModuleManager: Shutting down and abandoning module WmfMediaFactory (574)
[2020.01.20-14.17.11:129][ 94]LogModuleManager: Shutting down and abandoning module WmfMediaEditor (572)
[2020.01.20-14.17.11:129][ 94]LogModuleManager: Shutting down and abandoning module MediaPlayerEditor (570)
[2020.01.20-14.17.11:130][ 94]LogModuleManager: Shutting down and abandoning module OpenExrWrapper (568)
[2020.01.20-14.17.11:130][ 94]LogModuleManager: Shutting down and abandoning module ImgMediaFactory (566)
[2020.01.20-14.17.11:130][ 94]LogModuleManager: Shutting down and abandoning module ImgMediaEditor (564)
[2020.01.20-14.17.11:130][ 94]LogModuleManager: Shutting down and abandoning module AvfMediaFactory (562)
[2020.01.20-14.17.11:130][ 94]LogModuleManager: Shutting down and abandoning module AvfMediaEditor (560)
[2020.01.20-14.17.11:130][ 94]LogModuleManager: Shutting down and abandoning module AndroidMediaFactory (558)
[2020.01.20-14.17.11:130][ 94]LogModuleManager: Shutting down and abandoning module AndroidMediaEditor (556)
[2020.01.20-14.17.11:130][ 94]LogModuleManager: Shutting down and abandoning module MagicLeapCameraPreviewFactory (554)
[2020.01.20-14.17.11:130][ 94]LogModuleManager: Shutting down and abandoning module MagicLeapMediaFactory (552)
[2020.01.20-14.17.11:130][ 94]LogModuleManager: Shutting down and abandoning module MagicLeapMediaEditor (550)
[2020.01.20-14.17.11:130][ 94]LogModuleManager: Shutting down and abandoning module CharacterAI (548)
[2020.01.20-14.17.11:130][ 94]LogModuleManager: Shutting down and abandoning module SmartSnapping (546)
[2020.01.20-14.17.11:130][ 94]LogModuleManager: Shutting down and abandoning module SessionServices (544)
[2020.01.20-14.17.11:130][ 94]LogModuleManager: Shutting down and abandoning module ViewportSnapping (542)
[2020.01.20-14.17.11:130][ 94]LogModuleManager: Shutting down and abandoning module ViewportInteraction (540)
[2020.01.20-14.17.11:130][ 94]LogModuleManager: Shutting down and abandoning module ClothPainter (538)
[2020.01.20-14.17.11:130][ 94]LogModuleManager: Shutting down and abandoning module SkeletalMeshEditor (537)
[2020.01.20-14.17.11:130][ 94]LogModuleManager: Shutting down and abandoning module LogVisualizer (534)
[2020.01.20-14.17.11:130][ 94]LogModuleManager: Shutting down and abandoning module IntroTutorials (532)
[2020.01.20-14.17.11:130][ 94]LogModuleManager: Shutting down and abandoning module GameProjectGeneration (531)
[2020.01.20-14.17.11:130][ 94]LogModuleManager: Shutting down and abandoning module LuminPlatformEditor (528)
[2020.01.20-14.17.11:131][ 94]LogModuleManager: Shutting down and abandoning module IOSPlatformEditor (526)
[2020.01.20-14.17.11:131][ 94]LogModuleManager: Shutting down and abandoning module HTML5PlatformEditor (524)
[2020.01.20-14.17.11:131][ 94]LogModuleManager: Shutting down and abandoning module AndroidPlatformEditor (522)
[2020.01.20-14.17.11:131][ 94]LogModuleManager: Shutting down and abandoning module AndroidDeviceDetection (521)
[2020.01.20-14.17.11:357][ 94]LogModuleManager: Shutting down and abandoning module WindowsPlatformEditor (518)
[2020.01.20-14.17.11:357][ 94]LogModuleManager: Shutting down and abandoning module LuminRuntimeSettings (516)
[2020.01.20-14.17.11:357][ 94]LogModuleManager: Shutting down and abandoning module IOSRuntimeSettings (514)
[2020.01.20-14.17.11:357][ 94]LogModuleManager: Shutting down and abandoning module AndroidRuntimeSettings (512)
[2020.01.20-14.17.11:357][ 94]LogModuleManager: Shutting down and abandoning module InputBindingEditor (510)
[2020.01.20-14.17.11:357][ 94]LogModuleManager: Shutting down and abandoning module MergeActors (508)
[2020.01.20-14.17.11:357][ 94]LogModuleManager: Shutting down and abandoning module LocalizationDashboard (506)
[2020.01.20-14.17.11:357][ 94]LogModuleManager: Shutting down and abandoning module LocalizationService (505)
[2020.01.20-14.17.11:358][ 94]LogModuleManager: Shutting down and abandoning module HardwareTargeting (502)
[2020.01.20-14.17.11:358][ 94]LogModuleManager: Shutting down and abandoning module DeviceProfileEditor (500)
[2020.01.20-14.17.11:358][ 94]LogModuleManager: Shutting down and abandoning module UndoHistory (498)
[2020.01.20-14.17.11:358][ 94]LogModuleManager: Shutting down and abandoning module XmlParser (496)
[2020.01.20-14.17.11:359][ 94]LogModuleManager: Shutting down and abandoning module Blutility (494)
[2020.01.20-14.17.11:359][ 94]LogModuleManager: Shutting down and abandoning module ProjectSettingsViewer (492)
[2020.01.20-14.17.11:359][ 94]LogModuleManager: Shutting down and abandoning module ProjectTargetPlatformEditor (491)
[2020.01.20-14.17.11:359][ 94]LogModuleManager: Shutting down and abandoning module EditorSettingsViewer (488)
[2020.01.20-14.17.11:359][ 94]LogModuleManager: Shutting down and abandoning module SettingsEditor (486)
[2020.01.20-14.17.11:359][ 94]LogModuleManager: Shutting down and abandoning module ProjectLauncher (484)
[2020.01.20-14.17.11:359][ 94]LogModuleManager: Shutting down and abandoning module SessionFrontend (482)
[2020.01.20-14.17.11:359][ 94]LogModuleManager: Shutting down and abandoning module ProfilerClient (480)
[2020.01.20-14.17.11:359][ 94]LogModuleManager: Shutting down and abandoning module DeviceManager (478)
[2020.01.20-14.17.11:359][ 94]LogModuleManager: Shutting down and abandoning module TargetDeviceServices (477)
[2020.01.20-14.17.11:510][ 94]LogModuleManager: Shutting down and abandoning module AutomationController (474)
[2020.01.20-14.17.11:510][ 94]LogModuleManager: Shutting down and abandoning module AutomationWindow (472)
[2020.01.20-14.17.11:510][ 94]LogModuleManager: Shutting down and abandoning module Layers (470)
[2020.01.20-14.17.11:510][ 94]LogModuleManager: Shutting down and abandoning module ComponentVisualizers (468)
[2020.01.20-14.17.11:510][ 94]LogModuleManager: Shutting down and abandoning module DetailCustomizations (466)
[2020.01.20-14.17.11:510][ 94]LogModuleManager: Shutting down and abandoning module PackagesDialog (464)
[2020.01.20-14.17.11:510][ 94]LogModuleManager: Shutting down and abandoning module Persona (462)
[2020.01.20-14.17.11:510][ 94]LogModuleManager: Shutting down and abandoning module AnimGraph (461)
[2020.01.20-14.17.11:510][ 94]LogModuleManager: Shutting down and abandoning module Kismet (458)
[2020.01.20-14.17.11:518][ 94]LogModuleManager: Shutting down and abandoning module GraphEditor (456)
[2020.01.20-14.17.11:518][ 94]LogModuleManager: Shutting down and abandoning module ClassViewer (454)
[2020.01.20-14.17.11:518][ 94]LogModuleManager: Shutting down and abandoning module Toolbox (452)
[2020.01.20-14.17.11:518][ 94]LogModuleManager: Shutting down and abandoning module ModuleUI (450)
[2020.01.20-14.17.11:518][ 94]LogModuleManager: Shutting down and abandoning module MovieSceneTools (448)
[2020.01.20-14.17.11:518][ 94]LogModuleManager: Shutting down and abandoning module OutputLog (446)
[2020.01.20-14.17.11:518][ 94]LogModuleManager: Shutting down and abandoning module GammaUI (444)
[2020.01.20-14.17.11:518][ 94]LogModuleManager: Shutting down and abandoning module Documentation (442)
[2020.01.20-14.17.11:518][ 94]LogModuleManager: Shutting down and abandoning module MovieSceneTracks (440)
[2020.01.20-14.17.11:518][ 94]LogModuleManager: Shutting down and abandoning module MovieScene (438)
[2020.01.20-14.17.11:518][ 94]LogModuleManager: Shutting down and abandoning module StreamingPauseRendering (436)
[2020.01.20-14.17.11:518][ 94]LogModuleManager: Shutting down and abandoning module LauncherPlatform (434)
[2020.01.20-14.17.11:518][ 94]LogModuleManager: Shutting down and abandoning module AnalyticsET (432)
[2020.01.20-14.17.11:519][ 94]LogModuleManager: Shutting down and abandoning module PortalServices (430)
[2020.01.20-14.17.11:519][ 94]LogModuleManager: Shutting down and abandoning module PortalRpc (428)
[2020.01.20-14.17.11:519][ 94]LogModuleManager: Shutting down and abandoning module MessagingRpc (426)
[2020.01.20-14.17.11:519][ 94]LogModuleManager: Shutting down and abandoning module AIModule (424)
[2020.01.20-14.17.11:519][ 94]LogModuleManager: Shutting down and abandoning module GameplayDebugger (423)
[2020.01.20-14.17.11:519][ 94]LogModuleManager: Shutting down and abandoning module AITestSuite (421)
[2020.01.20-14.17.11:519][ 94]LogModuleManager: Shutting down and abandoning module NavigationSystem (419)
[2020.01.20-14.17.11:519][ 94]LogModuleManager: Shutting down and abandoning module DesktopPlatform (416)
[2020.01.20-14.17.11:519][ 94]LogModuleManager: Shutting down and abandoning module ProfilerService (414)
[2020.01.20-14.17.11:599][ 94]LogModuleManager: Shutting down and abandoning module TaskGraph (412)
[2020.01.20-14.17.11:600][ 94]LogModuleManager: Shutting down and abandoning module DatasmithCADImporter (410)
[2020.01.20-14.17.11:600][ 94]LogModuleManager: Shutting down and abandoning module StaticMeshEditorExtension (408)
[2020.01.20-14.17.11:601][ 94]LogModuleManager: Shutting down and abandoning module StaticMeshEditor (407)
[2020.01.20-14.17.11:601][ 94]LogModuleManager: Shutting down and abandoning module AdvancedPreviewScene (406)
[2020.01.20-14.17.11:601][ 94]LogModuleManager: Shutting down and abandoning module DatasmithMDLImporter (402)
[2020.01.20-14.17.11:601][ 94]LogModuleManager: Shutting down and abandoning module DatasmithImporter (400)
[2020.01.20-14.17.11:601][ 94]LogModuleManager: Shutting down and abandoning module SteamVRController (398)
[2020.01.20-14.17.11:601][ 94]LogModuleManager: Shutting down and abandoning module ProceduralMeshComponentEditor (396)
[2020.01.20-14.17.11:601][ 94]LogModuleManager: Shutting down and abandoning module ProceduralMeshComponent (394)
[2020.01.20-14.17.11:602][ 94]LogModuleManager: Shutting down and abandoning module OculusInput (392)
[2020.01.20-14.17.11:602][ 94]LogModuleManager: Shutting down and abandoning module MobilePatchingUtils (390)
[2020.01.20-14.17.11:602][ 94]LogModuleManager: Shutting down and abandoning module EditableMesh (388)
[2020.01.20-14.17.11:602][ 94]LogModuleManager: Shutting down and abandoning module CustomMeshComponent (386)
[2020.01.20-14.17.11:602][ 94]LogModuleManager: Shutting down and abandoning module CableComponent (384)
[2020.01.20-14.17.11:602][ 94]LogModuleManager: Shutting down and abandoning module AudioCapture (382)
[2020.01.20-14.17.11:602][ 94]LogModuleManager: Shutting down and abandoning module ArchVisCharacter (380)
[2020.01.20-14.17.11:602][ 94]LogModuleManager: Shutting down and abandoning module AndroidPermission (378)
[2020.01.20-14.17.11:602][ 94]LogModuleManager: Shutting down and abandoning module NUTUnrealEngine4 (376)
[2020.01.20-14.17.11:602][ 94]LogModuleManager: Shutting down and abandoning module NetcodeUnitTest (374)
[2020.01.20-14.17.11:602][ 94]LogModuleManager: Shutting down and abandoning module MediaCompositingEditor (372)
[2020.01.20-14.17.11:602][ 94]LogModuleManager: Shutting down and abandoning module MediaCompositing (370)
[2020.01.20-14.17.11:602][ 94]LogModuleManager: Shutting down and abandoning module LinearTimecode (368)
[2020.01.20-14.17.11:602][ 94]LogModuleManager: Shutting down and abandoning module ImgMedia (366)
[2020.01.20-14.17.11:609][ 94]LogModuleManager: Shutting down and abandoning module HTML5Networking (364)
[2020.01.20-14.17.11:609][ 94]LogModuleManager: Shutting down and abandoning module GeometryCacheTracks (362)
[2020.01.20-14.17.11:610][ 94]LogModuleManager: Shutting down and abandoning module GeometryCacheSequencer (360)
[2020.01.20-14.17.11:610][ 94]LogModuleManager: Shutting down and abandoning module BackChannel (358)
[2020.01.20-14.17.11:610][ 94]LogModuleManager: Shutting down and abandoning module AppleVision (356)
[2020.01.20-14.17.11:610][ 94]LogModuleManager: Shutting down and abandoning module AppleImageUtils (354)
[2020.01.20-14.17.11:610][ 94]LogModuleManager: Shutting down and abandoning module AlembicImporter (352)
[2020.01.20-14.17.11:610][ 94]LogModuleManager: Shutting down and abandoning module AlembicLibrary (351)
[2020.01.20-14.17.11:610][ 94]LogModuleManager: Shutting down and abandoning module GeometryCache (350)
[2020.01.20-14.17.11:610][ 94]LogModuleManager: Shutting down and abandoning module GeometryCacheEd (349)
[2020.01.20-14.17.11:610][ 94]LogModuleManager: Shutting down and abandoning module DatasmithContentEditor (344)
[2020.01.20-14.17.11:610][ 94]LogModuleManager: Shutting down and abandoning module DatasmithContent (342)
[2020.01.20-14.17.11:611][ 94]LogModuleManager: Shutting down and abandoning module SpeedTreeImporter (340)
[2020.01.20-14.17.11:611][ 94]LogModuleManager: Shutting down and abandoning module PluginBrowser (338)
[2020.01.20-14.17.11:611][ 94]LogModuleManager: Shutting down and abandoning module MobileLauncherProfileWizard (336)
[2020.01.20-14.17.11:611][ 94]LogModuleManager: Shutting down and abandoning module PolygonModeling (334)
[2020.01.20-14.17.11:611][ 94]LogModuleManager: Shutting down and abandoning module MeshEditor (332)
[2020.01.20-14.17.11:611][ 94]LogModuleManager: Shutting down and abandoning module EditorScriptingUtilities (330)
[2020.01.20-14.17.11:611][ 94]LogModuleManager: Shutting down and abandoning module CryptoKeysOpenSSL (328)
[2020.01.20-14.17.11:611][ 94]LogModuleManager: Shutting down and abandoning module CryptoKeys (326)
[2020.01.20-14.17.11:611][ 94]LogModuleManager: Shutting down and abandoning module VisualStudioSourceCodeAccess (324)
[2020.01.20-14.17.11:611][ 94]LogModuleManager: Shutting down and abandoning module VisualStudioCodeSourceCodeAccess (322)
[2020.01.20-14.17.11:611][ 94]LogModuleManager: Shutting down and abandoning module UObjectPlugin (320)
[2020.01.20-14.17.11:611][ 94]LogModuleManager: Shutting down and abandoning module SubversionSourceControl (318)
[2020.01.20-14.17.11:611][ 94]LogModuleManager: Shutting down and abandoning module PerforceSourceControl (316)
[2020.01.20-14.17.11:611][ 94]LogModuleManager: Shutting down and abandoning module GitSourceControl (314)
[2020.01.20-14.17.11:611][ 94]LogModuleManager: Shutting down and abandoning module SourceControl (313)
[2020.01.20-14.17.11:611][ 94]LogModuleManager: Shutting down and abandoning module CLionSourceCodeAccess (310)
[2020.01.20-14.17.11:611][ 94]LogModuleManager: Shutting down and abandoning module LightPropagationVolumeEditor (308)
[2020.01.20-14.17.11:611][ 94]LogModuleManager: Shutting down and abandoning module PaperTiledImporter (306)
[2020.01.20-14.17.11:611][ 94]LogModuleManager: Shutting down and abandoning module PaperSpriteSheetImporter (304)
[2020.01.20-14.17.11:611][ 94]LogModuleManager: Shutting down and abandoning module Paper2DEditor (302)
[2020.01.20-14.17.11:611][ 94]LogModuleManager: Shutting down and abandoning module MeshPaint (301)
[2020.01.20-14.17.11:611][ 94]LogModuleManager: Shutting down and abandoning module RuntimePhysXCooking (298)
[2020.01.20-14.17.11:611][ 94]LogModuleManager: Shutting down and abandoning module PhysXVehiclesEditor (296)
[2020.01.20-14.17.11:611][ 94]LogModuleManager: Shutting down and abandoning module PhysXVehicles (294)
[2020.01.20-14.17.11:611][ 94]LogModuleManager: Shutting down and abandoning module OculusEditor (292)
[2020.01.20-14.17.11:612][ 94]LogModuleManager: Shutting down and abandoning module LocationServicesBPLibrary (290)
[2020.01.20-14.17.11:612][ 94]LogModuleManager: Shutting down and abandoning module ImmediatePhysicsEditor (288)
[2020.01.20-14.17.11:612][ 94]LogModuleManager: Shutting down and abandoning module ImmediatePhysics (286)
[2020.01.20-14.17.11:612][ 94]LogModuleManager: Shutting down and abandoning module ActorSequence (284)
[2020.01.20-14.17.11:612][ 94]LogModuleManager: Shutting down and abandoning module UdpMessaging (282)
[2020.01.20-14.17.11:713][ 94]LogModuleManager: Shutting down and abandoning module TcpMessaging (280)
[2020.01.20-14.17.11:813][ 94]LogModuleManager: Shutting down and abandoning module MagicLeapAudio (278)
[2020.01.20-14.17.11:813][ 94]LogModuleManager: Shutting down and abandoning module GameplayTagsEditor (276)
[2020.01.20-14.17.11:813][ 94]LogModuleManager: Shutting down and abandoning module FacialAnimationEditor (274)
[2020.01.20-14.17.11:813][ 94]LogModuleManager: Shutting down and abandoning module FacialAnimation (272)
[2020.01.20-14.17.11:813][ 94]LogModuleManager: Shutting down and abandoning module DataValidation (270)
[2020.01.20-14.17.11:813][ 94]LogModuleManager: Shutting down and abandoning module AssetManagerEditor (268)
[2020.01.20-14.17.11:813][ 94]LogModuleManager: Shutting down and abandoning module LevelEditor (267)
[2020.01.20-14.17.11:814][ 94]LogModuleManager: Shutting down and abandoning module PixelInspectorModule (266)
[2020.01.20-14.17.11:814][ 94]LogModuleManager: Shutting down and abandoning module CommonMenuExtensions (264)
[2020.01.20-14.17.11:815][ 94]LogModuleManager: Shutting down and abandoning module MainFrame (262)
[2020.01.20-14.17.11:815][ 94]LogModuleManager: Shutting down and abandoning module HotReload (261)
[2020.01.20-14.17.11:815][ 94]LogModuleManager: Shutting down and abandoning module ContentBrowser (257)
[2020.01.20-14.17.11:817][ 94]LogModuleManager: Shutting down and abandoning module TreeMap (255)
[2020.01.20-14.17.11:817][ 94]LogModuleManager: Shutting down and abandoning module LightPropagationVolumeRuntime (252)
[2020.01.20-14.17.11:817][ 94]LogModuleManager: Shutting down and abandoning module AISupportModule (250)
[2020.01.20-14.17.11:818][ 94]LogModuleManager: Shutting down and abandoning module Paper2D (248)
[2020.01.20-14.17.11:818][ 94]LogModuleManager: Shutting down and abandoning module WindowsMoviePlayer (246)
[2020.01.20-14.17.11:818][ 94]LogModuleManager: Shutting down and abandoning module WmfMedia (244)
[2020.01.20-14.17.11:819][ 94]LogModuleManager: Shutting down and abandoning module Media (243)
[2020.01.20-14.17.11:825][ 94]LogModuleManager: Shutting down and abandoning module PacketHandler (240)
[2020.01.20-14.17.11:826][ 94]LogModuleManager: Shutting down and abandoning module ClothingSystemEditor (238)
[2020.01.20-14.17.11:826][ 94]LogModuleManager: Shutting down and abandoning module ClothingSystemRuntime (236)
[2020.01.20-14.17.11:826][ 94]LogModuleManager: Shutting down and abandoning module MediaAssets (234)
[2020.01.20-14.17.11:826][ 94]LogModuleManager: Shutting down and abandoning module Overlay (232)
[2020.01.20-14.17.11:826][ 94]LogModuleManager: Shutting down and abandoning module OverlayEditor (231)
[2020.01.20-14.17.11:826][ 94]LogModuleManager: Shutting down and abandoning module VREditor (228)
[2020.01.20-14.17.11:826][ 94]LogModuleManager: Shutting down and abandoning module StringTableEditor (226)
[2020.01.20-14.17.11:826][ 94]LogModuleManager: Shutting down and abandoning module GameplayTasksEditor (224)
[2020.01.20-14.17.11:826][ 94]LogModuleManager: Shutting down and abandoning module BehaviorTreeEditor (222)
[2020.01.20-14.17.11:826][ 94]LogModuleManager: Shutting down and abandoning module FunctionalTesting (220)
[2020.01.20-14.17.11:826][ 94]LogModuleManager: Shutting down and abandoning module CollisionAnalyzer (218)
[2020.01.20-14.17.11:826][ 94]LogModuleManager: Shutting down and abandoning module WorkspaceMenuStructure (217)
[2020.01.20-14.17.11:826][ 94]LogModuleManager: Shutting down and abandoning module UMG (214)
[2020.01.20-14.17.11:826][ 94]LogModuleManager: Shutting down and abandoning module UMGEditor (213)
[2020.01.20-14.17.11:826][ 94]LogModuleManager: Shutting down and abandoning module Sequencer (212)
[2020.01.20-14.17.11:827][ 94]LogModuleManager: Shutting down and abandoning module MessageLog (209)
[2020.01.20-14.17.11:827][ 94]LogModuleManager: Shutting down and abandoning module SlateReflector (204)
[2020.01.20-14.17.11:827][ 94]LogModuleManager: Shutting down and abandoning module Slate (202)
[2020.01.20-14.17.11:827][ 94]LogModuleManager: Shutting down and abandoning module EditorStyle (200)
[2020.01.20-14.17.11:829][ 94]LogModuleManager: Shutting down and abandoning module MRMesh (198)
[2020.01.20-14.17.11:830][ 94]LogModuleManager: Shutting down and abandoning module SourceCodeAccess (196)
[2020.01.20-14.17.11:830][ 94]LogModuleManager: Shutting down and abandoning module HeadMountedDisplay (194)
[2020.01.20-14.17.11:830][ 94]LogModuleManager: Shutting down and abandoning module XAudio2 (192)
[2020.01.20-14.17.11:830][ 94]LogModuleManager: Shutting down and abandoning module Networking (190)
[2020.01.20-14.17.11:830][ 94]LogModuleManager: Shutting down and abandoning module Core (188)
[2020.01.20-14.17.11:830][ 94]LogModuleManager: Shutting down and abandoning module LevelSequence (186)
[2020.01.20-14.17.11:830][ 94]LogModuleManager: Shutting down and abandoning module KismetCompiler (184)
[2020.01.20-14.17.11:830][ 94]LogModuleManager: Shutting down and abandoning module MeshUtilities (182)
[2020.01.20-14.17.11:830][ 94]LogModuleManager: Shutting down and abandoning module MeshMergeUtilities (181)
[2020.01.20-14.17.11:830][ 94]LogModuleManager: Shutting down and abandoning module MeshReductionInterface (180)
[2020.01.20-14.17.11:830][ 94]LogModuleManager: Shutting down and abandoning module SimplygonSwarm (179)
[2020.01.20-14.17.11:830][ 94]LogModuleManager: Shutting down and abandoning module ProxyLODMeshReduction (177)
[2020.01.20-14.17.11:830][ 94]LogModuleManager: Shutting down and abandoning module SimplygonMeshReduction (175)
[2020.01.20-14.17.11:830][ 94]LogModuleManager: Shutting down and abandoning module QuadricMeshReduction (173)
[2020.01.20-14.17.11:830][ 94]LogModuleManager: Shutting down and abandoning module MaterialBaking (169)
[2020.01.20-14.17.11:830][ 94]LogModuleManager: Shutting down and abandoning module DirectoryWatcher (165)
[2020.01.20-14.17.11:830][ 94]LogModuleManager: Shutting down and abandoning module DerivedDataCache (162)
[2020.01.20-14.17.11:944][ 94]LogDerivedDataCache: Shutdown
[2020.01.20-14.17.11:944][ 94]LogModuleManager: Shutting down and abandoning module XGEController (160)
[2020.01.20-14.17.11:944][ 94]LogXGEController: Cleaning working directory: C:/Users/Ja/AppData/Local/Temp/UnrealXGEWorkingDir/
[2020.01.20-14.17.11:945][ 94]LogModuleManager: Shutting down and abandoning module TargetPlatform (158)
[2020.01.20-14.17.11:945][ 94]LogModuleManager: Shutting down and abandoning module VulkanShaderFormat (157)
[2020.01.20-14.17.11:945][ 94]LogModuleManager: Shutting down and abandoning module ShaderFormatVectorVM (155)
[2020.01.20-14.17.11:945][ 94]LogModuleManager: Shutting down and abandoning module ShaderFormatOpenGL (153)
[2020.01.20-14.17.11:945][ 94]LogModuleManager: Shutting down and abandoning module ShaderFormatD3D (151)
[2020.01.20-14.17.11:945][ 94]LogModuleManager: Shutting down and abandoning module MetalShaderFormat (149)
[2020.01.20-14.17.11:945][ 94]LogModuleManager: Shutting down and abandoning module TextureFormatUncompressed (147)
[2020.01.20-14.17.11:945][ 94]LogModuleManager: Shutting down and abandoning module TextureFormatPVR (145)
[2020.01.20-14.17.11:945][ 94]LogModuleManager: Shutting down and abandoning module TextureFormatDXT (143)
[2020.01.20-14.17.11:945][ 94]LogModuleManager: Shutting down and abandoning module TextureFormatIntelISPCTexComp (141)
[2020.01.20-14.17.11:945][ 94]LogModuleManager: Shutting down and abandoning module TextureFormatASTC (139)
[2020.01.20-14.17.11:945][ 94]LogModuleManager: Shutting down and abandoning module ImageWrapper (138)
[2020.01.20-14.17.11:945][ 94]LogModuleManager: Shutting down and abandoning module TextureFormatAndroid (135)
[2020.01.20-14.17.11:946][ 94]LogModuleManager: Shutting down and abandoning module AudioFormatOpus (133)
[2020.01.20-14.17.11:946][ 94]LogModuleManager: Shutting down and abandoning module AudioFormatOgg (131)
[2020.01.20-14.17.11:946][ 94]LogModuleManager: Shutting down and abandoning module AudioFormatADPCM (129)
[2020.01.20-14.17.11:946][ 94]LogModuleManager: Shutting down and abandoning module LuminTargetPlatform (127)
[2020.01.20-14.17.11:946][ 94]LogModuleManager: Shutting down and abandoning module LinuxTargetPlatform (125)
[2020.01.20-14.17.11:946][ 94]LogModuleManager: Shutting down and abandoning module LinuxServerTargetPlatform (123)
[2020.01.20-14.17.11:946][ 94]LogModuleManager: Shutting down and abandoning module LinuxNoEditorTargetPlatform (121)
[2020.01.20-14.17.11:946][ 94]LogModuleManager: Shutting down and abandoning module LinuxClientTargetPlatform (119)
[2020.01.20-14.17.11:946][ 94]LogModuleManager: Shutting down and abandoning module TVOSTargetPlatform (117)
[2020.01.20-14.17.11:947][ 94]LogModuleManager: Shutting down and abandoning module Messaging (115)
[2020.01.20-14.17.11:947][ 94]LogModuleManager: Shutting down and abandoning module IOSTargetPlatform (113)
[2020.01.20-14.17.11:948][ 94]LogModuleManager: Shutting down and abandoning module HTML5TargetPlatform (111)
[2020.01.20-14.17.11:948][ 94]LogModuleManager: Shutting down and abandoning module AndroidTargetPlatform (109)
[2020.01.20-14.17.11:957][ 94]LogModuleManager: Shutting down and abandoning module WindowsTargetPlatform (107)
[2020.01.20-14.17.11:957][ 94]LogModuleManager: Shutting down and abandoning module WindowsServerTargetPlatform (105)
[2020.01.20-14.17.11:957][ 94]LogModuleManager: Shutting down and abandoning module WindowsNoEditorTargetPlatform (103)
[2020.01.20-14.17.11:957][ 94]LogModuleManager: Shutting down and abandoning module WindowsClientTargetPlatform (101)
[2020.01.20-14.17.11:957][ 94]LogModuleManager: Shutting down and abandoning module MacTargetPlatform (99)
[2020.01.20-14.17.11:958][ 94]LogModuleManager: Shutting down and abandoning module MacServerTargetPlatform (97)
[2020.01.20-14.17.11:958][ 94]LogModuleManager: Shutting down and abandoning module MacNoEditorTargetPlatform (95)
[2020.01.20-14.17.11:958][ 94]LogModuleManager: Shutting down and abandoning module MacClientTargetPlatform (93)
[2020.01.20-14.17.11:958][ 94]LogModuleManager: Shutting down and abandoning module AllDesktopTargetPlatform (91)
[2020.01.20-14.17.11:958][ 94]LogModuleManager: Shutting down and abandoning module InputCore (88)
[2020.01.20-14.17.11:958][ 94]LogModuleManager: Shutting down and abandoning module Settings (86)
[2020.01.20-14.17.11:958][ 94]LogModuleManager: Shutting down and abandoning module PhysXCooking (84)
[2020.01.20-14.17.11:958][ 94]LogModuleManager: Shutting down and abandoning module SteamVR (82)
[2020.01.20-14.17.11:958][ 94]LogModuleManager: Shutting down and abandoning module OculusHMD (80)
[2020.01.20-14.17.11:958][ 94]LogModuleManager: Shutting down and abandoning module ExampleDeviceProfileSelector (78)
[2020.01.20-14.17.11:958][ 94]LogModuleManager: Shutting down and abandoning module LauncherChunkInstaller (76)
[2020.01.20-14.17.11:958][ 94]LogModuleManager: Shutting down and abandoning module OnlineBlueprintSupport (74)
[2020.01.20-14.17.11:958][ 94]LogModuleManager: Shutting down and abandoning module OnlineSubsystem (70)
[2020.01.20-14.17.11:959][ 94]LogModuleManager: Shutting down and abandoning module XMPP (65)
[2020.01.20-14.17.11:959][ 94]LogModuleManager: Shutting down and abandoning module WebSockets (64)
[2020.01.20-14.17.11:978][ 94]LogModuleManager: Shutting down and abandoning module HTTP (61)
[2020.01.20-14.17.11:978][ 94]LogHttp: Display: Http module shutting down, but needs to wait on 1 outstanding Http requests:
[2020.01.20-14.17.11:978][ 94]LogHttp: Display: 	verb=[POST] url=[https://datarouter.ol.epicgames.com/datarouter/api/v1/public/data?SessionID=%7BDF7CFDD8-4C98-3F58-1B7D-C3B631CF2552%7D&AppID=UEEditor.Rocket.Release&AppVersion=4.20.3-4369336%2B%2B%2BUE4%2BRelease-4.20&UserID=57ed7d3441dcf6171ad39981dba4aad4%7Cf654963188ec489780eeeeb10b54ee06%7C0b705bdf-1718-4da3-bf30-0305d9bcdbeb&AppEnvironment=datacollector-binary&UploadType=eteventstream] status=Processing
[2020.01.20-14.17.12:000][ 94]LogModuleManager: Shutting down and abandoning module SSL (60)
[2020.01.20-14.17.12:003][ 94]LogModuleManager: Shutting down and abandoning module MagicLeapEmulator (56)
[2020.01.20-14.17.12:003][ 94]LogModuleManager: Shutting down and abandoning module MagicLeapPrivileges (54)
[2020.01.20-14.17.12:003][ 94]LogModuleManager: Shutting down and abandoning module MagicLeapIdentity (52)
[2020.01.20-14.17.12:003][ 94]LogModuleManager: Shutting down and abandoning module MagicLeapHelperVulkan (50)
[2020.01.20-14.17.12:003][ 94]LogModuleManager: Shutting down and abandoning module MagicLeapHelperOpenGL (48)
[2020.01.20-14.17.12:003][ 94]LogModuleManager: Shutting down and abandoning module MagicLeapSecureStorage (46)
[2020.01.20-14.17.12:003][ 94]LogModuleManager: Shutting down and abandoning module MagicLeapGestures (44)
[2020.01.20-14.17.12:003][ 94]LogModuleManager: Shutting down and abandoning module MagicLeapEyeTracker (42)
[2020.01.20-14.17.12:003][ 94]LogModuleManager: Shutting down and abandoning module MagicLeapController (40)
[2020.01.20-14.17.12:003][ 94]LogSlate: Slate User Destroyed.  User Index 0, Is Virtual User: 0
[2020.01.20-14.17.12:003][ 94]LogModuleManager: Shutting down and abandoning module MagicLeap (38)
[2020.01.20-14.17.12:004][ 94]LogModuleManager: Shutting down and abandoning module AnimationModifiers (36)
[2020.01.20-14.17.12:004][ 94]LogModuleManager: Shutting down and abandoning module PropertyEditor (35)
[2020.01.20-14.17.12:004][ 94]LogModuleManager: Shutting down and abandoning module AudioEditor (32)
[2020.01.20-14.17.12:004][ 94]LogModuleManager: Shutting down and abandoning module TextureCompressor (30)
[2020.01.20-14.17.12:004][ 94]LogModuleManager: Shutting down and abandoning module ShaderCore (28)
[2020.01.20-14.17.12:004][ 94]LogModuleManager: Shutting down and abandoning module Landscape (26)
[2020.01.20-14.17.12:004][ 94]LogModuleManager: Shutting down and abandoning module SlateRHIRenderer (24)
[2020.01.20-14.17.12:005][ 94]LogModuleManager: Shutting down and abandoning module OpenGLDrv (22)
[2020.01.20-14.17.12:005][ 94]LogModuleManager: Shutting down and abandoning module D3D11RHI (20)
[2020.01.20-14.17.12:005][ 94]LogModuleManager: Shutting down and abandoning module AnimGraphRuntime (18)
[2020.01.20-14.17.12:005][ 94]LogModuleManager: Shutting down and abandoning module Renderer (16)
[2020.01.20-14.17.12:005][ 94]LogModuleManager: Shutting down and abandoning module Engine (14)
[2020.01.20-14.17.12:005][ 94]LogModuleManager: Shutting down and abandoning module CoreUObject (12)
[2020.01.20-14.17.12:005][ 94]LogModuleManager: Shutting down and abandoning module NetworkFile (10)
[2020.01.20-14.17.12:005][ 94]LogModuleManager: Shutting down and abandoning module CookedIterativeFile (8)
[2020.01.20-14.17.12:005][ 94]LogModuleManager: Shutting down and abandoning module StreamingFile (6)
[2020.01.20-14.17.12:005][ 94]LogModuleManager: Shutting down and abandoning module SandboxFile (4)
[2020.01.20-14.17.12:005][ 94]LogModuleManager: Shutting down and abandoning module PakFile (2)
[2020.01.20-14.17.12:012][ 94]LogExit: Exiting.
[2020.01.20-14.17.12:015][ 94]Log file closed, 01/20/20 15:17:12
