Log file open, 01/17/20 16:55:43
LogWindows: Failed to load 'aqProf.dll' (GetLastError=126)
LogWindows: File 'aqProf.dll' does not exist
LogWindows: Failed to load 'VSPerf140.dll' (GetLastError=126)
LogWindows: File 'VSPerf140.dll' does not exist
LogWindows: Failed to load 'VtuneApi.dll' (GetLastError=126)
LogWindows: File 'VtuneApi.dll' does not exist
LogWindows: Failed to load 'VtuneApi32e.dll' (GetLastError=126)
LogWindows: File 'VtuneApi32e.dll' does not exist
LogInit: Display: Running engine for game: zuzannazaremba01
LogPlatformFile: Not using cached read wrapper
LogTaskGraph: Started task graph with 5 named threads and 11 total threads with 3 sets of task threads.
LogStats: Stats thread started at 0.178314
LogD3D11RHI: Loaded GFSDK_Aftermath_Lib.x64.dll
LogICUInternationalization: Display: ICU TimeZone Detection - Raw Offset: +1:00, Platform Override: ''
LogPluginManager: Mounting plugin Paper2D
LogPluginManager: Mounting plugin AISupport
LogPluginManager: Mounting plugin LightPropagationVolume
LogPluginManager: Mounting plugin CLionSourceCodeAccess
LogPluginManager: Mounting plugin CodeLiteSourceCodeAccess
LogPluginManager: Mounting plugin GitSourceControl
LogPluginManager: Mounting plugin KDevelopSourceCodeAccess
LogPluginManager: Mounting plugin NullSourceCodeAccess
LogPluginManager: Mounting plugin PerforceSourceControl
LogPluginManager: Mounting plugin SubversionSourceControl
LogPluginManager: Mounting plugin UObjectPlugin
LogPluginManager: Mounting plugin VisualStudioCodeSourceCodeAccess
LogPluginManager: Mounting plugin VisualStudioSourceCodeAccess
LogPluginManager: Mounting plugin XCodeSourceCodeAccess
LogPluginManager: Mounting plugin AssetManagerEditor
LogPluginManager: Mounting plugin CryptoKeys
LogPluginManager: Mounting plugin DataValidation
LogPluginManager: Mounting plugin EditorScriptingUtilities
LogPluginManager: Mounting plugin FacialAnimation
LogPluginManager: Mounting plugin GameplayTagsEditor
LogPluginManager: Mounting plugin MacGraphicsSwitching
LogPluginManager: Mounting plugin MeshEditor
LogPluginManager: Mounting plugin MobileLauncherProfileWizard
LogPluginManager: Mounting plugin PluginBrowser
LogPluginManager: Mounting plugin SpeedTreeImporter
LogPluginManager: Mounting plugin DatasmithContent
LogPluginManager: Mounting plugin AlembicImporter
LogPluginManager: Mounting plugin AppleImageUtils
LogPluginManager: Mounting plugin AppleVision
LogPluginManager: Mounting plugin BackChannel
LogPluginManager: Mounting plugin CharacterAI
LogPluginManager: Mounting plugin GeometryCache
LogPluginManager: Mounting plugin HTML5Networking
LogPluginManager: Mounting plugin ProxyLODPlugin
LogPluginManager: Mounting plugin MagicLeap
LogPluginManager: Mounting plugin MagicLeapEmulator
LogPluginManager: Mounting plugin MagicLeapMedia
LogPluginManager: Mounting plugin AndroidMedia
LogPluginManager: Mounting plugin AvfMedia
LogPluginManager: Mounting plugin ImgMedia
LogPluginManager: Mounting plugin LinearTimecode
LogPluginManager: Mounting plugin MediaCompositing
LogPluginManager: Mounting plugin MediaPlayerEditor
LogPluginManager: Mounting plugin WmfMedia
LogPluginManager: Mounting plugin TcpMessaging
LogPluginManager: Mounting plugin UdpMessaging
LogPluginManager: Mounting plugin ActorSequence
LogPluginManager: Mounting plugin LevelSequenceEditor
LogPluginManager: Mounting plugin MatineeToLevelSequence
LogPluginManager: Mounting plugin NetcodeUnitTest
LogPluginManager: Mounting plugin NUTUnrealEngine4
LogPluginManager: Mounting plugin OnlineSubsystemGooglePlay
LogPluginManager: Mounting plugin OnlineSubsystemIOS
LogPluginManager: Mounting plugin OnlineSubsystem
LogPluginManager: Mounting plugin OnlineSubsystemNull
LogPluginManager: Mounting plugin OnlineSubsystemUtils
LogPluginManager: Mounting plugin LauncherChunkInstaller
LogPluginManager: Mounting plugin AndroidDeviceProfileSelector
LogPluginManager: Mounting plugin AndroidMoviePlayer
LogPluginManager: Mounting plugin AndroidPermission
LogPluginManager: Mounting plugin AppleMoviePlayer
LogPluginManager: Mounting plugin ArchVisCharacter
LogPluginManager: Mounting plugin AudioCapture
LogPluginManager: Mounting plugin CableComponent
LogPluginManager: Mounting plugin CustomMeshComponent
LogPluginManager: Mounting plugin EditableMesh
LogPluginManager: Mounting plugin ExampleDeviceProfileSelector
LogPluginManager: Mounting plugin GoogleCloudMessaging
LogPluginManager: Mounting plugin ImmediatePhysics
LogPluginManager: Mounting plugin IOSDeviceProfileSelector
LogPluginManager: Mounting plugin LinuxDeviceProfileSelector
LogPluginManager: Mounting plugin LocationServicesBPLibrary
LogPluginManager: Mounting plugin MobilePatchingUtils
LogPluginManager: Mounting plugin OculusVR
LogPluginManager: Plugin shader directory ../../../Engine/Plugins/Runtime/Oculus/OculusVR/Shaders found
LogPluginManager: Mapping shader source directory ../../../Engine/Plugins/Runtime/Oculus/OculusVR/Shaders to virtual directory /Plugin/OculusVR
LogPluginManager: Mounting plugin PhysXVehicles
LogPluginManager: Mounting plugin ProceduralMeshComponent
LogPluginManager: Mounting plugin RuntimePhysXCooking
LogPluginManager: Mounting plugin SteamVR
LogPluginManager: Mounting plugin WindowsMoviePlayer
LogPluginManager: Mounting plugin DatasmithCADImporter
LogPluginManager: Mounting plugin DatasmithFBXImporter
LogPluginManager: Mounting plugin DatasmithImporter
LogPluginManager: Mounting plugin DatasmithMDLImporter
LogPluginManager: Mounting plugin StaticMeshEditorExtension
LogStreaming: Display: Took  0.948s to configure plugins.
LogInit: Using libcurl 7.55.1-DEV
LogInit:  - built for x86_64-pc-win32
LogInit:  - supports SSL with OpenSSL/1.0.2h
LogInit:  - supports HTTP deflate (compression) using libz 1.2.8
LogInit:  - other features:
LogInit:      CURL_VERSION_SSL
LogInit:      CURL_VERSION_LIBZ
LogInit:      CURL_VERSION_IPV6
LogInit:      CURL_VERSION_ASYNCHDNS
LogInit:      CURL_VERSION_LARGEFILE
LogInit:      CURL_VERSION_IDN
LogInit:  CurlRequestOptions (configurable via config and command line):
LogInit:  - bVerifyPeer = false  - Libcurl will NOT verify peer certificate
LogInit:  - bUseHttpProxy = false  - Libcurl will NOT use HTTP proxy
LogInit:  - bDontReuseConnections = false  - Libcurl will reuse connections
LogInit:  - CertBundlePath = nullptr  - Libcurl will use whatever was configured at build time.
LogInit:  - MaxHostConnections = 16  - Libcurl will limit the number of connections to a host
LogInit:  - LocalHostAddr = Default
LogInit:  - BufferSize = 65536
LogInit: WinSock: version 1.1 (2.2), MaxSocks=32767, MaxUdp=65467
LogInit: Build: ++UE4+Release-4.20-CL-4369336
LogInit: Engine Version: 4.20.3-4369336+++UE4+Release-4.20
LogInit: Compatible Engine Version: 4.20.0-4212847+++UE4+Release-4.20
LogInit: Net CL: 4212847
LogInit: OS: Windows 10 (), CPU: Intel(R) Core(TM) i5-7200U CPU @ 2.50GHz, GPU: Intel(R) HD Graphics 620
LogInit: Compiled (64-bit): Sep 17 2018 12:26:19
LogInit: Compiled with Visual C++: 19.13.26129.00
LogInit: Build Configuration: Development
LogInit: Branch Name: ++UE4+Release-4.20
LogInit: Command Line: -EpicPortal  -epicusername="zuzaremba" -epicuserid=f654963188ec489780eeeeb10b54ee06 -epiclocale=pl-PL
LogInit: Base Directory: C:/Program Files/Epic Games/UE_4.20/Engine/Binaries/Win64/
LogInit: Installed Engine Build: 1
LogDevObjectVersion: Number of dev versions registered: 20
LogDevObjectVersion:   Dev-Blueprints (B0D832E4-1F89-4F0D-ACCF-7EB736FD4AA2): 10
LogDevObjectVersion:   Dev-Build (E1C64328-A22C-4D53-A36C-8E866417BD8C): 0
LogDevObjectVersion:   Dev-Core (375EC13C-06E4-48FB-B500-84F0262A717E): 2
LogDevObjectVersion:   Dev-Editor (E4B068ED-F494-42E9-A231-DA0B2E46BB41): 24
LogDevObjectVersion:   Dev-Framework (CFFC743F-43B0-4480-9391-14DF171D2073): 34
LogDevObjectVersion:   Dev-Mobile (B02B49B5-BB20-44E9-A304-32B752E40360): 2
LogDevObjectVersion:   Dev-Networking (A4E4105C-59A1-49B5-A7C5-40C4547EDFEE): 0
LogDevObjectVersion:   Dev-Online (39C831C9-5AE6-47DC-9A44-9C173E1C8E7C): 0
LogDevObjectVersion:   Dev-Physics (78F01B33-EBEA-4F98-B9B4-84EACCB95AA2): 0
LogDevObjectVersion:   Dev-Platform (6631380F-2D4D-43E0-8009-CF276956A95A): 0
LogDevObjectVersion:   Dev-Rendering (12F88B9F-8875-4AFC-A67C-D90C383ABD29): 26
LogDevObjectVersion:   Dev-Sequencer (7B5AE74C-D270-4C10-A958-57980B212A5A): 9
LogDevObjectVersion:   Dev-VR (D7296918-1DD6-4BDD-9DE2-64A83CC13884): 2
LogDevObjectVersion:   Dev-LoadTimes (C2A15278-BFE7-4AFE-6C17-90FF531DF755): 1
LogDevObjectVersion:   Private-Geometry (6EACA3D4-40EC-4CC1-B786-8BED09428FC5): 3
LogDevObjectVersion:   Dev-AnimPhys (29E575DD-E0A3-4627-9D10-D276232CDCEA): 17
LogDevObjectVersion:   Dev-ReflectionCapture (6B266CEC-1EC7-4B8F-A30B-E4D90942FC07): 1
LogDevObjectVersion:   Dev-Automation (0DF73D61-A23F-47EA-B727-89E90C41499A): 1
LogDevObjectVersion:   FortniteMain (601D1886-AC64-4F84-AA16-D3DE0DEAC7D6): 12
LogDevObjectVersion:   Dev-Enterprise (9DFFBCD6-494F-0158-E221-12823C92A888): 1
LogStreaming: Display: Took  0.000s to delete old logs.
LogInit: Presizing for max 8388607 objects, including 0 objects not considered by GC, pre-allocating 0 bytes for permanent pool.
LogInit: Object subsystem initialized
[2020.01.17-15.55.45:097][  0]LogInit: Selected Device Profile: [Windows]
[2020.01.17-15.55.45:097][  0]LogInit: Applying CVar settings loaded from the selected device profile: [Windows]
[2020.01.17-15.55.45:152][  0]LogHAL: Display: Platform has ~ 16 GB [17054547968 / 17179869184 / 16], which maps to Larger [LargestMinGB=32, LargerMinGB=12, DefaultMinGB=8, SmallerMinGB=6, SmallestMinGB=0)
[2020.01.17-15.55.45:152][  0]LogInit: Setting Device Profile CVar: [[r.Vulkan.UseRealUBs:1]]
[2020.01.17-15.55.45:152][  0]LogInit: Going up to parent DeviceProfile []
[2020.01.17-15.55.45:153][  0]LogInit: Computer: DESKTOP-JSE2T28
[2020.01.17-15.55.45:153][  0]LogInit: User: Ja
[2020.01.17-15.55.45:153][  0]LogInit: CPU Page size=4096, Cores=2
[2020.01.17-15.55.45:153][  0]LogInit: High frequency timer resolution =10.000000 MHz
[2020.01.17-15.55.45:153][  0]LogMemory: Memory total: Physical=15.9GB (16GB approx)
[2020.01.17-15.55.45:153][  0]LogMemory: Platform Memory Stats for Windows
[2020.01.17-15.55.45:153][  0]LogMemory: Process Physical Memory: 100.50 MB used, 100.51 MB peak
[2020.01.17-15.55.45:153][  0]LogMemory: Process Virtual Memory: 84.01 MB used, 84.01 MB peak
[2020.01.17-15.55.45:153][  0]LogMemory: Physical Memory: 4733.44 MB used,  11531.05 MB free, 16264.48 MB total
[2020.01.17-15.55.45:153][  0]LogMemory: Virtual Memory: 4590.31 MB used,  11531.05 MB free, 134217728.00 MB total
[2020.01.17-15.55.45:187][  0]LogInit: Using OS detected language (pl-PL).
[2020.01.17-15.55.45:187][  0]LogInit: Using OS detected locale (pl-PL).
[2020.01.17-15.55.45:188][  0]LogTextLocalizationManager: No specific localization for 'pl-PL' exists, so the 'pl' localization will be used.
[2020.01.17-15.55.45:191][  0]LogStreaming: Display: Took  0.004s to InitEngineTextLocalization.
[2020.01.17-15.55.45:191][  0]LogInit: Setting process to per monitor DPI aware
[2020.01.17-15.55.45:235][  0]LogSlate: New Slate User Created.  User Index 0, Is Virtual User: 0
[2020.01.17-15.55.45:235][  0]LogSlate: Slate User Registered.  User Index 0, Is Virtual User: 0
[2020.01.17-15.55.45:687][  0]LogHMD: Failed to initialize OpenVR with code 110
[2020.01.17-15.55.45:687][  0]LogD3D11RHI: D3D11 adapters:
[2020.01.17-15.55.45:766][  0]LogD3D11RHI:    0. 'NVIDIA GeForce 940MX' (Feature Level 11_0)
[2020.01.17-15.55.45:766][  0]LogD3D11RHI:       2019/0/8132 MB DedicatedVideo/DedicatedSystem/SharedSystem, Outputs:1, VendorId:0x10de
[2020.01.17-15.55.45:781][  0]LogD3D11RHI:    1. 'Intel(R) HD Graphics 620' (Feature Level 11_0)
[2020.01.17-15.55.45:781][  0]LogD3D11RHI:       128/0/8132 MB DedicatedVideo/DedicatedSystem/SharedSystem, Outputs:0, VendorId:0x8086
[2020.01.17-15.55.45:786][  0]LogD3D11RHI:    2. 'Microsoft Basic Render Driver' (Feature Level 11_0)
[2020.01.17-15.55.45:786][  0]LogD3D11RHI:       0/0/8132 MB DedicatedVideo/DedicatedSystem/SharedSystem, Outputs:0, VendorId:0x1414
[2020.01.17-15.55.45:786][  0]LogD3D11RHI: Chosen D3D11 Adapter: 0
[2020.01.17-15.55.45:840][  0]LogD3D11RHI: Creating new Direct3DDevice
[2020.01.17-15.55.45:841][  0]LogD3D11RHI:     GPU DeviceId: 0x179c (for the marketing name, search the web for "GPU Device Id")
[2020.01.17-15.55.45:841][  0]LogWindows: EnumDisplayDevices:
[2020.01.17-15.55.45:841][  0]LogWindows:    0. 'Intel(R) HD Graphics 620' (P:1 D:1)
[2020.01.17-15.55.45:841][  0]LogWindows:    1. 'Intel(R) HD Graphics 620' (P:0 D:0)
[2020.01.17-15.55.45:842][  0]LogWindows:    2. 'Intel(R) HD Graphics 620' (P:0 D:0)
[2020.01.17-15.55.45:842][  0]LogWindows: DebugString: PrimaryIsNotTheChoosenAdapter PrimaryIsNotTheChoosenAdapter PrimaryIsNotTheChoosenAdapter FoundDriverCount:0 
[2020.01.17-15.55.45:842][  0]LogD3D11RHI:     Adapter Name: NVIDIA GeForce 940MX
[2020.01.17-15.55.45:842][  0]LogD3D11RHI:   Driver Version: Unknown (internal:Unknown, unified:Unknown)
[2020.01.17-15.55.45:842][  0]LogD3D11RHI:      Driver Date: Unknown
[2020.01.17-15.55.45:842][  0]LogRHI: Texture pool is 1413 MB (70% of 2019 MB)
[2020.01.17-15.55.45:882][  0]LogD3D11RHI: Async texture creation enabled
[2020.01.17-15.55.45:901][  0]LogD3D11RHI: GPU Timing Frequency: 1000.000000 (Debug: 2 2)
[2020.01.17-15.55.45:903][  0]LogShaderCompilers: Guid format shader working directory is -22 characters bigger than the processId version (../../../../../../Users/Ja/Desktop/programowanko/zuzannazaremba01/Intermediate/Shaders/WorkingDirectory/9972/).
[2020.01.17-15.55.45:903][  0]LogShaderCompilers: Cleaned the shader compiler working directory 'C:/Users/Ja/AppData/Local/Temp/UnrealShaderWorkingDir/2EAA6031478F657BFE78EFB9E7A57D00/'.
[2020.01.17-15.55.46:448][  0]LogTemp: Display: Loaded TP AllDesktopTargetPlatform
[2020.01.17-15.55.46:471][  0]LogTemp: Display: Loaded TP MacClientTargetPlatform
[2020.01.17-15.55.46:495][  0]LogTemp: Display: Loaded TP MacNoEditorTargetPlatform
[2020.01.17-15.55.46:518][  0]LogTemp: Display: Loaded TP MacServerTargetPlatform
[2020.01.17-15.55.46:541][  0]LogTemp: Display: Loaded TP MacTargetPlatform
[2020.01.17-15.55.46:567][  0]LogTemp: Display: Loaded TP WindowsClientTargetPlatform
[2020.01.17-15.55.46:592][  0]LogTemp: Display: Loaded TP WindowsNoEditorTargetPlatform
[2020.01.17-15.55.46:615][  0]LogTemp: Display: Loaded TP WindowsServerTargetPlatform
[2020.01.17-15.55.46:629][  0]LogTemp: Display: Loaded TP WindowsTargetPlatform
[2020.01.17-15.55.46:741][  0]LogTemp: Display: Loaded TP AndroidTargetPlatform
[2020.01.17-15.55.46:741][  0]LogTemp: Display: Loaded TP AndroidTargetPlatform
[2020.01.17-15.55.46:741][  0]LogTemp: Display: Loaded TP AndroidTargetPlatform
[2020.01.17-15.55.46:741][  0]LogTemp: Display: Loaded TP AndroidTargetPlatform
[2020.01.17-15.55.46:741][  0]LogTemp: Display: Loaded TP AndroidTargetPlatform
[2020.01.17-15.55.46:741][  0]LogTemp: Display: Loaded TP AndroidTargetPlatform
[2020.01.17-15.55.46:741][  0]LogTemp: Display: Loaded TP AndroidTargetPlatform
[2020.01.17-15.55.46:741][  0]LogTemp: Display: Loaded TP AndroidTargetPlatform
[2020.01.17-15.55.46:741][  0]LogTemp: Display: Loaded TP AndroidTargetPlatform
[2020.01.17-15.55.46:741][  0]LogTemp: Display: Loaded TP AndroidTargetPlatform
[2020.01.17-15.55.46:741][  0]LogTemp: Display: Loaded TP AndroidTargetPlatform
[2020.01.17-15.55.46:741][  0]LogTemp: Display: Loaded TP AndroidTargetPlatform
[2020.01.17-15.55.46:741][  0]LogTemp: Display: Loaded TP AndroidTargetPlatform
[2020.01.17-15.55.46:742][  0]LogTemp: Display: Loaded TP AndroidTargetPlatform
[2020.01.17-15.55.46:742][  0]LogTemp: Display: Loaded TP AndroidTargetPlatform
[2020.01.17-15.55.46:742][  0]LogTemp: Display: Loaded TP AndroidTargetPlatform
[2020.01.17-15.55.46:742][  0]LogTemp: Display: Loaded TP AndroidTargetPlatform
[2020.01.17-15.55.46:742][  0]LogTemp: Display: Loaded TP AndroidTargetPlatform
[2020.01.17-15.55.46:743][  0]LogTemp: Display: Loaded TP HTML5TargetPlatform
[2020.01.17-15.55.46:817][  0]LogTemp: Display: Loaded TP IOSTargetPlatform
[2020.01.17-15.55.46:817][  0]LogTemp: Display: Loaded TP IOSTargetPlatform
[2020.01.17-15.55.46:848][  0]LogTemp: Display: Loaded TP TVOSTargetPlatform
[2020.01.17-15.55.46:848][  0]LogTemp: Display: Loaded TP TVOSTargetPlatform
[2020.01.17-15.55.46:863][  0]LogTemp: Display: Loaded TP LinuxClientTargetPlatform
[2020.01.17-15.55.46:884][  0]LogTemp: Display: Loaded TP LinuxNoEditorTargetPlatform
[2020.01.17-15.55.46:898][  0]LogTemp: Display: Loaded TP LinuxServerTargetPlatform
[2020.01.17-15.55.46:916][  0]LogTemp: Display: Loaded TP LinuxTargetPlatform
[2020.01.17-15.55.46:928][  0]LogTemp: Display: Loaded TP LuminTargetPlatform
[2020.01.17-15.55.46:929][  0]LogTargetPlatformManager: Display: Building Assets For Windows
[2020.01.17-15.55.47:058][  0]LogXGEController: Cannot use XGE Controller as Incredibuild is not installed on this machine.
[2020.01.17-15.55.47:058][  0]LogShaderCompilers: Cannot use XGE Shader Compiler as Incredibuild is not installed on this machine.
[2020.01.17-15.55.47:058][  0]LogShaderCompilers: Display: Using Local Shader Compiler.
[2020.01.17-15.55.48:448][  0]LogDerivedDataCache: Display: Max Cache Size: 512 MB
[2020.01.17-15.55.48:539][  0]LogDerivedDataCache: Loaded boot cache 0.09s 87MB C:/Users/Ja/AppData/Local/UnrealEngine/4.20/DerivedDataCache/Boot.ddc.
[2020.01.17-15.55.48:540][  0]LogDerivedDataCache: Display: Loaded Boot cache: C:/Users/Ja/AppData/Local/UnrealEngine/4.20/DerivedDataCache/Boot.ddc
[2020.01.17-15.55.48:540][  0]LogDerivedDataCache: FDerivedDataBackendGraph:  Pak pak cache file ../../../../../../Users/Ja/Desktop/programowanko/zuzannazaremba01/DerivedDataCache/DDC.ddp not found, will not use a pak cache.
[2020.01.17-15.55.48:540][  0]LogDerivedDataCache: Unable to find inner node Pak for hierarchical cache Hierarchy.
[2020.01.17-15.55.48:540][  0]LogDerivedDataCache: FDerivedDataBackendGraph:  CompressedPak pak cache file ../../../../../../Users/Ja/Desktop/programowanko/zuzannazaremba01/DerivedDataCache/Compressed.ddp not found, will not use a pak cache.
[2020.01.17-15.55.48:540][  0]LogDerivedDataCache: Unable to find inner node CompressedPak for hierarchical cache Hierarchy.
[2020.01.17-15.55.48:563][  0]LogDerivedDataCache: Display: Pak cache opened for reading ../../../Engine/DerivedDataCache/Compressed.ddp.
[2020.01.17-15.55.48:575][  0]LogDerivedDataCache: Using Local data cache path C:/Users/Ja/AppData/Local/UnrealEngine/Common/DerivedDataCache: Writable
[2020.01.17-15.55.48:575][  0]LogDerivedDataCache: Shared data cache path not found in *engine.ini, will not use an Shared cache.
[2020.01.17-15.55.48:575][  0]LogDerivedDataCache: Unable to find inner node Shared for hierarchical cache Hierarchy.
[2020.01.17-15.55.48:602][  0]LogMaterial: Verifying Global Shaders for PCD3D_SM5
[2020.01.17-15.55.48:604][  0]LogSlate: Using FreeType 2.6.0
[2020.01.17-15.55.48:605][  0]LogSlate: SlateFontServices - WITH_FREETYPE: 1, WITH_HARFBUZZ: 1
[2020.01.17-15.55.48:717][  0]LogAssetRegistry: FAssetRegistry took 0.0277 seconds to start up
[2020.01.17-15.55.49:264][  0]LogInit: Selected Device Profile: [Windows]
[2020.01.17-15.55.49:379][  0]LogSimplygon: Simplygon DLL not present - disabling.
[2020.01.17-15.55.49:388][  0]LogMeshReduction: Using SimplygonSwarm for distributed automatic mesh merging
[2020.01.17-15.55.49:388][  0]LogMeshReduction: Using ProxyLODMeshReduction for automatic mesh merging
[2020.01.17-15.55.49:388][  0]LogMeshReduction: Using QuadricMeshReduction for automatic static mesh reduction
[2020.01.17-15.55.49:388][  0]LogMeshReduction: No automatic skeletal mesh reduction module available
[2020.01.17-15.55.49:546][  0]LogNetVersion: zuzannazaremba01 1.0.0, NetCL: 4212847, EngineNetVer: 5, GameNetVer: 0 (Checksum: 2516661016)
[2020.01.17-15.55.50:713][  0]LogPackageLocalizationCache: Processed 13 localized package path(s) for 2 prioritized culture(s) in 0.203830 seconds
[2020.01.17-15.55.50:722][  0]LogUObjectArray: 38425 objects as part of root set at end of initial load.
[2020.01.17-15.55.50:722][  0]LogUObjectAllocator: 6690864 out of 0 bytes used by permanent object pool.
[2020.01.17-15.55.50:722][  0]LogUObjectArray: CloseDisregardForGC: 0/0 objects in disregard for GC pool
[2020.01.17-15.55.52:344][  0]LogTcpMessaging: Initializing TcpMessaging bridge
[2020.01.17-15.55.52:358][  0]LogUdpMessaging: Initializing bridge on interface 0.0.0.0:0 to multicast group 230.0.0.1:6666.
[2020.01.17-15.55.52:617][  0]SourceControl: Source control is disabled
[2020.01.17-15.55.52:617][  0]SourceControl: Source control is disabled
[2020.01.17-15.55.52:619][  0]SourceControl: Source control is disabled
[2020.01.17-15.55.52:620][  0]SourceControl: Source control is disabled
[2020.01.17-15.55.52:876][  0]LogAndroidPermission: UAndroidPermissionCallbackProxy::GetInstance
[2020.01.17-15.55.52:994][  0]LogOcInput: OculusInput pre-init called
[2020.01.17-15.55.59:191][  0]LogEngine: Initializing Engine...
[2020.01.17-15.55.59:192][  0]LogHMD: Failed to initialize OpenVR with code 110
[2020.01.17-15.55.59:193][  0]LogStats: UGameplayTagsManager::ConstructGameplayTagTree: ImportINI prefixes -  0.000 s
[2020.01.17-15.55.59:193][  0]LogStats: UGameplayTagsManager::ConstructGameplayTagTree: Construct from data asset -  0.000 s
[2020.01.17-15.55.59:194][  0]LogStats: UGameplayTagsManager::ConstructGameplayTagTree: ImportINI -  0.000 s
[2020.01.17-15.55.59:194][  0]LogStats: UGameplayTagsManager::ConstructGameplayTagTree: GameplayTagTreeChangedEvent.Broadcast -  0.000 s
[2020.01.17-15.55.59:434][  0]LogInit: Initializing FReadOnlyCVARCache
[2020.01.17-15.55.59:460][  0]LogAIModule: Creating AISystem for world Untitled
[2020.01.17-15.55.59:472][  0]LogInit: XAudio2 using 'Speakers (Conexant SmartAudio HD)' : 2 channels at 48 kHz using 32 bits per sample (channel mask 0x3)
[2020.01.17-15.55.59:748][  0]LogInit: FAudioDevice initialized.
[2020.01.17-15.55.59:748][  0]LogNetVersion: Set ProjectVersion to 1.0.0.0. Version Checksum will be recalculated on next use.
[2020.01.17-15.55.59:978][  0]LogDerivedDataCache: Saved boot cache 0.23s 72MB C:/Users/Ja/AppData/Local/UnrealEngine/4.20/DerivedDataCache/Boot.ddc.
[2020.01.17-15.55.59:984][  0]LogInit: Texture streaming: Enabled
[2020.01.17-15.56.00:029][  0]LogEngineSessionManager: EngineSessionManager initialized
[2020.01.17-15.56.00:070][  0]LogInit: Transaction tracking system initialized
[2020.01.17-15.56.00:119][  0]BlueprintLog: New page: Editor Load
[2020.01.17-15.56.00:271][  0]LocalizationService: Localization service is disabled
[2020.01.17-15.56.00:768][  0]LogCook: Display: Max memory allowance for cook 16384mb min free memory 0mb
[2020.01.17-15.56.00:768][  0]LogCook: Display: Mobile HDR setting 1
[2020.01.17-15.56.00:768][  0]LogGameplayTags: Display: UGameplayTagsManager::DoneAddingNativeTags. DelegateIsBound: 0
[2020.01.17-15.56.00:768][  0]LogStats: UGameplayTagsManager::ConstructGameplayTagTree: ImportINI prefixes -  0.000 s
[2020.01.17-15.56.00:768][  0]LogStats: UGameplayTagsManager::ConstructGameplayTagTree: Construct from data asset -  0.000 s
[2020.01.17-15.56.00:769][  0]LogStats: UGameplayTagsManager::ConstructGameplayTagTree: ImportINI -  0.000 s
[2020.01.17-15.56.00:769][  0]LogStats: UGameplayTagsManager::ConstructGameplayTagTree: GameplayTagTreeChangedEvent.Broadcast -  0.000 s
[2020.01.17-15.56.01:211][  0]LogFileCache: Scanning file cache for directory 'C:/Users/Ja/Desktop/programowanko/zuzannazaremba01/Content/' took 0.02s
[2020.01.17-15.56.03:024][  0]SourceControl: Source control is disabled
[2020.01.17-15.56.03:024][  0]Cmd: MAP LOAD FILE="../../../../../../Users/Ja/Desktop/programowanko/zuzannazaremba01/Content/StarterContent/Maps/Minimal_Default.umap" TEMPLATE=0 SHOWPROGRESS=1 FEATURELEVEL=3
[2020.01.17-15.56.03:025][  0]LightingResults: New page: Lighting Build
[2020.01.17-15.56.03:031][  0]MapCheck: New page: Map Check
[2020.01.17-15.56.03:031][  0]LightingResults: New page: Lighting Build
[2020.01.17-15.56.05:206][  0]LogAIModule: Creating AISystem for world Minimal_Default
[2020.01.17-15.56.05:309][  0]LogEditorServer: Finished looking for orphan Actors (0.000 secs)
[2020.01.17-15.56.05:399][  0]Cmd: MAP CHECKDEP NOCLEARLOG
[2020.01.17-15.56.05:518][  0]MapCheck: Map check complete: 0 Error(s), 0 Warning(s), took 119,733ms to complete.
[2020.01.17-15.56.05:519][  0]LogFileHelpers: Loading map 'Minimal_Default' took 2.494
[2020.01.17-15.56.06:287][  0]LogSlate: Updating window title bar state: overlay mode, drag disabled, window buttons hidden, title bar hidden
[2020.01.17-15.56.06:312][  0]LogSlate: Updating window title bar state: overlay mode, drag disabled, window buttons hidden, title bar hidden
[2020.01.17-15.56.06:322][  0]LogSlate: Updating window title bar state: overlay mode, drag disabled, window buttons hidden, title bar hidden
[2020.01.17-15.56.06:332][  0]LogSlate: Updating window title bar state: overlay mode, drag disabled, window buttons hidden, title bar hidden
[2020.01.17-15.56.06:395][  0]LogCollectionManager: Loaded 0 collections in 0.005184 seconds
[2020.01.17-15.56.06:675][  0]LogFileCache: Scanning file cache for directory 'C:/Users/Ja/Desktop/programowanko/zuzannazaremba01/Saved/Collections/' took 0.01s
[2020.01.17-15.56.06:675][  0]LogFileCache: Scanning file cache for directory 'C:/Users/Ja/Desktop/programowanko/zuzannazaremba01/Content/Developers/Ja/Collections/' took 0.01s
[2020.01.17-15.56.06:675][  0]LogFileCache: Scanning file cache for directory 'C:/Users/Ja/Desktop/programowanko/zuzannazaremba01/Content/Collections/' took 0.01s
[2020.01.17-15.56.06:675][  0]LogCollectionManager: Rebuilt the GUID cache for 0 collections in 0.000001 seconds
[2020.01.17-15.56.06:736][  0]LogContentBrowser: Native class hierarchy populated in 0.0404 seconds. Added 2621 classes and 629 folders.
[2020.01.17-15.56.06:854][  0]LogContentBrowser: Native class hierarchy updated for 'WidgetCarousel' in 0.0003 seconds. Added 0 classes and 0 folders.
[2020.01.17-15.56.08:272][  0]LogContentBrowser: Native class hierarchy updated for 'AddContentDialog' in 0.0004 seconds. Added 0 classes and 0 folders.
[2020.01.17-15.56.08:335][  0]LogContentBrowser: Native class hierarchy updated for 'SceneOutliner' in 0.0003 seconds. Added 1 classes and 2 folders.
[2020.01.17-15.56.08:710][  0]LogSlate: Took 0.000325 seconds to synchronously load lazily loaded font '../../../Engine/Content/Slate/Fonts/Roboto-Regular.ttf' (155K)
[2020.01.17-15.56.08:718][  0]LogSlate: Took 0.000382 seconds to synchronously load lazily loaded font '../../../Engine/Content/Slate/Fonts/Roboto-Bold.ttf' (160K)
[2020.01.17-15.56.08:775][  0]LogSlate: Took 0.019711 seconds to synchronously load lazily loaded font '../../../Engine/Content/Editor/Slate/Fonts/FontAwesome.ttf' (139K)
[2020.01.17-15.56.09:084][  0]LogRenderer: Reallocating scene render targets to support 1200x608 Format 10 NumSamples 1 (Frame:1).
[2020.01.17-15.56.09:444][  0]LogContentBrowser: Native class hierarchy updated for 'HierarchicalLODOutliner' in 0.0003 seconds. Added 0 classes and 0 folders.
[2020.01.17-15.56.09:444][  0]LogLoad: (Engine Initialization) Total time: 29.10 seconds
[2020.01.17-15.56.09:444][  0]LogLoad: (Engine Initialization) Total Blueprint compile time: 0.00 seconds
[2020.01.17-15.56.09:553][  0]LogContentStreaming: Texture pool size now 1000 MB
[2020.01.17-15.56.09:687][  0]LogSlate: Took 0.025801 seconds to synchronously load lazily loaded font '../../../Engine/Content/Slate/Fonts/Roboto-Light.ttf' (167K)
[2020.01.17-15.56.10:060][  3]LogAssetRegistry: Asset discovery search completed in 21.3655 seconds
[2020.01.17-15.56.10:062][  3]LogCollectionManager: Rebuilt the object cache for 0 collections in 0.000000 seconds (found 0 objects)
[2020.01.17-15.56.10:062][  3]LogCollectionManager: Fixed up redirectors for 0 collections in 0.000069 seconds (updated 0 objects)
[2020.01.17-15.56.18:861][509]LogSlate: FSceneViewport::OnFocusLost() reason 2
[2020.01.17-15.56.19:933][570]LogSlate: FSceneViewport::OnFocusLost() reason 2
[2020.01.17-15.56.21:039][570]LogSlate: Window 'New Level' being destroyed
[2020.01.17-15.56.21:068][570]Cmd: MAP LOAD FILE="../../../Engine/Content/Maps/Templates/Template_Default.umap" TEMPLATE=1 SHOWPROGRESS=1 FEATURELEVEL=3
[2020.01.17-15.56.21:073][570]LogSlate: Took 0.000278 seconds to synchronously load lazily loaded font '../../../Engine/Content/Slate/Fonts/Roboto-Light.ttf' (167K)
[2020.01.17-15.56.21:075][570]LogSlate: FSceneViewport::OnFocusLost() reason 2
[2020.01.17-15.56.21:093][570]LightingResults: New page: Lighting Build
[2020.01.17-15.56.21:094][570]LoadErrors: New page: Loading map: Template_Default.umap
[2020.01.17-15.56.21:098][570]MapCheck: New page: Map Check
[2020.01.17-15.56.21:098][570]LightingResults: New page: Lighting Build
[2020.01.17-15.56.21:152][570]LogAIModule: Creating AISystem for world Untitled_1
[2020.01.17-15.56.21:165][570]LogEditorServer: Finished looking for orphan Actors (0.000 secs)
[2020.01.17-15.56.21:192][570]Cmd: MAP CHECKDEP NOCLEARLOG
[2020.01.17-15.56.21:307][570]MapCheck: Map check complete: 0 Error(s), 0 Warning(s), took 114,596ms to complete.
[2020.01.17-15.56.21:307][570]LogFileHelpers: Loading map 'Template_Default' took 0.240
[2020.01.17-15.56.23:657][707]LogSlate: FSceneViewport::OnFocusLost() reason 0
[2020.01.17-15.56.47:441][865]LogSlate: FSceneViewport::OnFocusLost() reason 2
[2020.01.17-15.56.50:732][ 28]LogSlate: FSceneViewport::OnFocusLost() reason 2
[2020.01.17-15.56.50:737][ 28]LogAssetEditorManager: Opening Asset editor for LevelScriptBlueprint /Temp/Untitled_1.Untitled_1:PersistentLevel.Untitled
[2020.01.17-15.56.52:446][ 28]LogContentBrowser: Native class hierarchy updated for 'BlueprintGraph' in 0.0009 seconds. Added 116 classes and 0 folders.
[2020.01.17-15.56.54:315][ 28]LogSlate: Took 0.050140 seconds to synchronously load lazily loaded font '../../../Engine/Content/Slate/Fonts/Roboto-BoldCondensed.ttf' (158K)
[2020.01.17-16.08.38:487][738]LogSavePackage: Moving '../../../../../../Users/Ja/Desktop/programowanko/zuzannazaremba01/Saved/Untitled_1_Auto1014882184317FD86DAB7A0826B420AEA.tmp' to '../../../../../../Users/Ja/Desktop/programowanko/zuzannazaremba01/Saved/Autosaves/Temp/Untitled_1_Auto1.umap'
[2020.01.17-16.08.38:493][738]LogFileHelpers: Editor autosave (incl. sublevels) for '/Temp/Untitled_1' took 0.133
[2020.01.17-16.08.38:493][738]LogFileHelpers: Editor autosave (incl. sublevels) for all levels took 0.133
[2020.01.17-16.09.29:105][727]LogSlate: FSceneViewport::OnFocusLost() reason 0
[2020.01.17-16.09.45:177][437]LogTemp: Repeating last play command: Selected Viewport
[2020.01.17-16.09.45:303][437]LogBlueprintUserMessages: Early PlayInEditor Detection: Level '/Temp/Untitled_1.Untitled_1:PersistentLevel' has LevelScriptBlueprint '/Temp/Untitled_1.Untitled_1:PersistentLevel.Untitled' with GeneratedClass '/Temp/Untitled_1.Untitled_C' with ClassGeneratedBy '/Temp/Untitled_1.Untitled_1:PersistentLevel.Untitled'
[2020.01.17-16.09.45:304][437]BlueprintLog: New page: Pre-Play auto-recompile
[2020.01.17-16.09.45:326][437]LogPlayLevel: [PlayLevel] Compiling Untitled before play...
[2020.01.17-16.09.46:757][437]LogPlayLevel: PlayLevel: Blueprint regeneration took 1453 ms (1 blueprints)
[2020.01.17-16.09.46:801][437]PIE: New page: PIE session: Untitled_1 (17 sty 2020, 18:09:46)
[2020.01.17-16.09.46:802][437]LogPlayLevel: Creating play world package: /Temp/UEDPIE_0_Untitled_1
[2020.01.17-16.09.46:830][437]LogPlayLevel: PIE: StaticDuplicateObject took: (0.027286s)
[2020.01.17-16.09.46:864][437]LogAIModule: Creating AISystem for world Untitled_1
[2020.01.17-16.09.46:866][437]LogPlayLevel: PIE: World Init took: (0.035762s)
[2020.01.17-16.09.46:867][437]LogPlayLevel: PIE: Created PIE world by copying editor world from /Temp/Untitled_1.Untitled_1 to /Temp/UEDPIE_0_Untitled_1.Untitled_1 (0.064944s)
[2020.01.17-16.09.47:142][437]LogInit: XAudio2 using 'Speakers (Conexant SmartAudio HD)' : 2 channels at 48 kHz using 32 bits per sample (channel mask 0x3)
[2020.01.17-16.09.47:874][437]LogInit: FAudioDevice initialized.
[2020.01.17-16.09.48:000][437]LogLoad: Game class is 'GameModeBase'
[2020.01.17-16.09.48:022][437]LogWorld: Bringing World /Temp/UEDPIE_0_Untitled_1.Untitled_1 up for play (max tick rate 0) at 2020.01.17-17.09.48
[2020.01.17-16.09.48:024][437]LogWorld: Bringing up level for play took: 0.006595
[2020.01.17-16.09.48:174][437]LogContentBrowser: Native class hierarchy updated for 'MovieSceneCapture' in 0.0027 seconds. Added 10 classes and 0 folders.
[2020.01.17-16.09.48:184][437]PIE: Play in editor start time for /Temp/UEDPIE_0_Untitled_1 2,347
[2020.01.17-16.09.48:186][437]LogBlueprintUserMessages: Late PlayInEditor Detection: Level '/Temp/Untitled_1.Untitled_1:PersistentLevel' has LevelScriptBlueprint '/Temp/Untitled_1.Untitled_1:PersistentLevel.Untitled' with GeneratedClass '/Temp/Untitled_1.Untitled_C' with ClassGeneratedBy '/Temp/Untitled_1.Untitled_1:PersistentLevel.Untitled'
[2020.01.17-16.09.48:758][438]LogBlueprintUserMessages: [Untitled_C_1] PRZÓD
[2020.01.17-16.09.48:758][438]LogBlueprintUserMessages: [Untitled_C_1] PRZÓD
[2020.01.17-16.09.48:758][438]LogBlueprintUserMessages: [Untitled_C_1] PRZÓD
[2020.01.17-16.09.50:744][511]LogBlueprintUserMessages: [Untitled_C_1] PRZÓD
[2020.01.17-16.09.51:658][549]LogBlueprintUserMessages: [Untitled_C_1] PRZÓD
[2020.01.17-16.09.52:078][566]LogBlueprintUserMessages: [Untitled_C_1] PRZÓD
[2020.01.17-16.09.52:301][575]LogBlueprintUserMessages: [Untitled_C_1] PRZÓD
[2020.01.17-16.09.52:488][583]LogBlueprintUserMessages: [Untitled_C_1] PRZÓD
[2020.01.17-16.09.54:531][676]LogBlueprintUserMessages: Early EndPlayMap Detection: Level '/Temp/Untitled_1.Untitled_1:PersistentLevel' has LevelScriptBlueprint '/Temp/Untitled_1.Untitled_1:PersistentLevel.Untitled' with GeneratedClass '/Temp/Untitled_1.Untitled_C' with ClassGeneratedBy '/Temp/Untitled_1.Untitled_1:PersistentLevel.Untitled'
[2020.01.17-16.09.54:532][676]LogSlate: Updating window title bar state: overlay mode, drag disabled, window buttons hidden, title bar hidden
[2020.01.17-16.09.54:588][676]LogPlayLevel: Display: Shutting down PIE online subsystems
[2020.01.17-16.09.54:588][676]LogBlueprintUserMessages: Late EndPlayMap Detection: Level '/Temp/Untitled_1.Untitled_1:PersistentLevel' has LevelScriptBlueprint '/Temp/Untitled_1.Untitled_1:PersistentLevel.Untitled' with GeneratedClass '/Temp/Untitled_1.Untitled_C' with ClassGeneratedBy '/Temp/Untitled_1.Untitled_1:PersistentLevel.Untitled'
[2020.01.17-16.09.54:657][676]LogSlate: Updating window title bar state: overlay mode, drag disabled, window buttons hidden, title bar hidden
[2020.01.17-16.09.54:749][677]LogPlayLevel: Display: Destroying online subsystem :Context_2
[2020.01.17-16.12.06:174][ 74]LogSlate: FSceneViewport::OnFocusLost() reason 0
[2020.01.17-16.12.59:546][516]LogTemp: Repeating last play command: Selected Viewport
[2020.01.17-16.12.59:728][516]LogBlueprintUserMessages: Early PlayInEditor Detection: Level '/Temp/Untitled_1.Untitled_1:PersistentLevel' has LevelScriptBlueprint '/Temp/Untitled_1.Untitled_1:PersistentLevel.Untitled' with GeneratedClass '/Temp/Untitled_1.Untitled_C' with ClassGeneratedBy '/Temp/Untitled_1.Untitled_1:PersistentLevel.Untitled'
[2020.01.17-16.12.59:729][516]BlueprintLog: New page: Pre-Play auto-recompile
[2020.01.17-16.12.59:751][516]LogPlayLevel: [PlayLevel] Compiling Untitled before play...
[2020.01.17-16.13.01:831][516]LogPlayLevel: PlayLevel: Blueprint regeneration took 2102 ms (1 blueprints)
[2020.01.17-16.13.01:833][516]PIE: New page: PIE session: Untitled_1 (17 sty 2020, 18:13:01)
[2020.01.17-16.13.01:834][516]LogPlayLevel: Creating play world package: /Temp/UEDPIE_0_Untitled_1
[2020.01.17-16.13.01:871][516]LogPlayLevel: PIE: StaticDuplicateObject took: (0.036422s)
[2020.01.17-16.13.01:895][516]LogAIModule: Creating AISystem for world Untitled_1
[2020.01.17-16.13.01:898][516]LogPlayLevel: PIE: World Init took: (0.025753s)
[2020.01.17-16.13.01:901][516]LogPlayLevel: PIE: Created PIE world by copying editor world from /Temp/Untitled_1.Untitled_1 to /Temp/UEDPIE_0_Untitled_1.Untitled_1 (0.067305s)
[2020.01.17-16.13.02:319][516]LogInit: XAudio2 using 'Speakers (Conexant SmartAudio HD)' : 2 channels at 48 kHz using 32 bits per sample (channel mask 0x3)
[2020.01.17-16.13.03:221][516]LogInit: FAudioDevice initialized.
[2020.01.17-16.13.03:333][516]LogLoad: Game class is 'GameModeBase'
[2020.01.17-16.13.03:342][516]LogWorld: Bringing World /Temp/UEDPIE_0_Untitled_1.Untitled_1 up for play (max tick rate 0) at 2020.01.17-17.13.03
[2020.01.17-16.13.03:344][516]LogWorld: Bringing up level for play took: 0.006092
[2020.01.17-16.13.03:379][516]PIE: Play in editor start time for /Temp/UEDPIE_0_Untitled_1 3,542
[2020.01.17-16.13.03:381][516]LogBlueprintUserMessages: Late PlayInEditor Detection: Level '/Temp/Untitled_1.Untitled_1:PersistentLevel' has LevelScriptBlueprint '/Temp/Untitled_1.Untitled_1:PersistentLevel.Untitled' with GeneratedClass '/Temp/Untitled_1.Untitled_C' with ClassGeneratedBy '/Temp/Untitled_1.Untitled_1:PersistentLevel.Untitled'
[2020.01.17-16.13.11:349][622]LogBlueprintUserMessages: [Untitled_C_2] PRZÓD
[2020.01.17-16.13.13:268][709]LogBlueprintUserMessages: [Untitled_C_2] PRZÓD
[2020.01.17-16.13.16:708][750]LogBlueprintUserMessages: [Untitled_C_2] PRZÓD
[2020.01.17-16.13.20:446][807]LogBlueprintUserMessages: [Untitled_C_2] PRZÓD
[2020.01.17-16.13.24:994][  4]LogBlueprintUserMessages: [Untitled_C_2] PRZÓD
[2020.01.17-16.13.27:898][102]LogBlueprintUserMessages: [Untitled_C_2] PRZÓD
[2020.01.17-16.13.31:290][144]LogBlueprintUserMessages: [Untitled_C_2] PRZÓD
[2020.01.17-16.13.32:988][163]LogSlate: FSceneViewport::OnFocusLost() reason 0
[2020.01.17-16.13.35:750][235]Cmd: SELECT NONE
[2020.01.17-16.13.53:776][756]Cmd: SELECT NONE
[2020.01.17-16.13.56:649][885]LogBlueprintUserMessages: Early EndPlayMap Detection: Level '/Temp/Untitled_1.Untitled_1:PersistentLevel' has LevelScriptBlueprint '/Temp/Untitled_1.Untitled_1:PersistentLevel.Untitled' with GeneratedClass '/Temp/Untitled_1.Untitled_C' with ClassGeneratedBy '/Temp/Untitled_1.Untitled_1:PersistentLevel.Untitled'
[2020.01.17-16.13.56:650][885]LogSlate: Updating window title bar state: overlay mode, drag disabled, window buttons hidden, title bar hidden
[2020.01.17-16.13.56:782][885]LogPlayLevel: Display: Shutting down PIE online subsystems
[2020.01.17-16.13.56:783][885]LogBlueprintUserMessages: Late EndPlayMap Detection: Level '/Temp/Untitled_1.Untitled_1:PersistentLevel' has LevelScriptBlueprint '/Temp/Untitled_1.Untitled_1:PersistentLevel.Untitled' with GeneratedClass '/Temp/Untitled_1.Untitled_C' with ClassGeneratedBy '/Temp/Untitled_1.Untitled_1:PersistentLevel.Untitled'
[2020.01.17-16.13.57:027][885]LogSlate: Updating window title bar state: overlay mode, drag disabled, window buttons hidden, title bar hidden
[2020.01.17-16.13.57:368][886]LogPlayLevel: Display: Destroying online subsystem :Context_3
[2020.01.17-16.14.30:243][ 37]LogSlate: FSceneViewport::OnFocusLost() reason 0
[2020.01.17-16.15.56:495][131]LogSlate: FSceneViewport::OnFocusLost() reason 0
[2020.01.17-16.17.29:346][267]LogSlate: Took 0.021338 seconds to synchronously load lazily loaded font '../../../Engine/Content/Slate/Fonts/Roboto-Italic.ttf' (157K)
[2020.01.17-16.20.03:535][772]LogSavePackage: Moving '../../../../../../Users/Ja/Desktop/programowanko/zuzannazaremba01/Saved/Untitled_1_Auto23D26E43840F20812352DA8AF5D8B25AB.tmp' to '../../../../../../Users/Ja/Desktop/programowanko/zuzannazaremba01/Saved/Autosaves/Temp/Untitled_1_Auto2.umap'
[2020.01.17-16.20.03:651][772]LogFileHelpers: Editor autosave (incl. sublevels) for '/Temp/Untitled_1' took 3.219
[2020.01.17-16.20.03:652][772]LogFileHelpers: Editor autosave (incl. sublevels) for all levels took 3.219
[2020.01.17-16.27.22:994][930]LogTemp: Repeating last play command: Selected Viewport
[2020.01.17-16.27.23:018][930]LogBlueprintUserMessages: Early PlayInEditor Detection: Level '/Temp/Untitled_1.Untitled_1:PersistentLevel' has LevelScriptBlueprint '/Temp/Untitled_1.Untitled_1:PersistentLevel.Untitled' with GeneratedClass '/Temp/Untitled_1.Untitled_C' with ClassGeneratedBy '/Temp/Untitled_1.Untitled_1:PersistentLevel.Untitled'
[2020.01.17-16.27.23:018][930]BlueprintLog: New page: Pre-Play auto-recompile
[2020.01.17-16.27.23:022][930]LogPlayLevel: [PlayLevel] Compiling Untitled before play...
[2020.01.17-16.27.23:180][930]LogPlayLevel: PlayLevel: Blueprint regeneration took 161 ms (1 blueprints)
[2020.01.17-16.27.23:180][930]PIE: New page: PIE session: Untitled_1 (17 sty 2020, 18:27:23)
[2020.01.17-16.27.23:180][930]LogPlayLevel: Creating play world package: /Temp/UEDPIE_0_Untitled_1
[2020.01.17-16.27.23:183][930]LogPlayLevel: PIE: StaticDuplicateObject took: (0.003125s)
[2020.01.17-16.27.23:184][930]LogAIModule: Creating AISystem for world Untitled_1
[2020.01.17-16.27.23:185][930]LogPlayLevel: PIE: World Init took: (0.001804s)
[2020.01.17-16.27.23:185][930]LogPlayLevel: PIE: Created PIE world by copying editor world from /Temp/Untitled_1.Untitled_1 to /Temp/UEDPIE_0_Untitled_1.Untitled_1 (0.005193s)
[2020.01.17-16.27.23:241][930]LogInit: XAudio2 using 'Speakers (Conexant SmartAudio HD)' : 2 channels at 48 kHz using 32 bits per sample (channel mask 0x3)
[2020.01.17-16.27.23:334][930]LogInit: FAudioDevice initialized.
[2020.01.17-16.27.23:372][930]LogLoad: Game class is 'GameModeBase'
[2020.01.17-16.27.23:374][930]LogWorld: Bringing World /Temp/UEDPIE_0_Untitled_1.Untitled_1 up for play (max tick rate 0) at 2020.01.17-17.27.23
[2020.01.17-16.27.23:375][930]LogWorld: Bringing up level for play took: 0.001601
[2020.01.17-16.27.23:389][930]PIE: Play in editor start time for /Temp/UEDPIE_0_Untitled_1 -0,448
[2020.01.17-16.27.23:389][930]LogBlueprintUserMessages: Late PlayInEditor Detection: Level '/Temp/Untitled_1.Untitled_1:PersistentLevel' has LevelScriptBlueprint '/Temp/Untitled_1.Untitled_1:PersistentLevel.Untitled' with GeneratedClass '/Temp/Untitled_1.Untitled_C' with ClassGeneratedBy '/Temp/Untitled_1.Untitled_1:PersistentLevel.Untitled'
[2020.01.17-16.27.27:562][ 75]LogBlueprintUserMessages: [Untitled_C_4] PRZÓD
[2020.01.17-16.27.28:503][ 85]LogBlueprintUserMessages: [Untitled_C_4] PRZÓD
[2020.01.17-16.27.29:030][ 91]LogBlueprintUserMessages: [Untitled_C_4] PRZÓD
[2020.01.17-16.27.33:439][148]LogBlueprintUserMessages: [Untitled_C_4] PRZÓD
[2020.01.17-16.27.33:875][166]LogBlueprintUserMessages: [Untitled_C_4] PRZÓD
[2020.01.17-16.27.34:206][179]LogBlueprintUserMessages: [Untitled_C_4] PRZÓD
[2020.01.17-16.27.47:005][491]LogBlueprintUserMessages: Early EndPlayMap Detection: Level '/Temp/Untitled_1.Untitled_1:PersistentLevel' has LevelScriptBlueprint '/Temp/Untitled_1.Untitled_1:PersistentLevel.Untitled' with GeneratedClass '/Temp/Untitled_1.Untitled_C' with ClassGeneratedBy '/Temp/Untitled_1.Untitled_1:PersistentLevel.Untitled'
[2020.01.17-16.27.47:005][491]LogSlate: Updating window title bar state: overlay mode, drag disabled, window buttons hidden, title bar hidden
[2020.01.17-16.27.47:070][491]LogPlayLevel: Display: Shutting down PIE online subsystems
[2020.01.17-16.27.47:070][491]LogBlueprintUserMessages: Late EndPlayMap Detection: Level '/Temp/Untitled_1.Untitled_1:PersistentLevel' has LevelScriptBlueprint '/Temp/Untitled_1.Untitled_1:PersistentLevel.Untitled' with GeneratedClass '/Temp/Untitled_1.Untitled_C' with ClassGeneratedBy '/Temp/Untitled_1.Untitled_1:PersistentLevel.Untitled'
[2020.01.17-16.27.47:107][491]LogSlate: Updating window title bar state: overlay mode, drag disabled, window buttons hidden, title bar hidden
[2020.01.17-16.27.47:144][492]LogPlayLevel: Display: Destroying online subsystem :Context_6
[2020.01.17-16.28.09:104][257]LogSlate: FSceneViewport::OnFocusLost() reason 0
[2020.01.17-16.32.32:720][279]LogTemp: Repeating last play command: Selected Viewport
[2020.01.17-16.32.32:894][279]LogBlueprintUserMessages: Early PlayInEditor Detection: Level '/Temp/Untitled_1.Untitled_1:PersistentLevel' has LevelScriptBlueprint '/Temp/Untitled_1.Untitled_1:PersistentLevel.Untitled' with GeneratedClass '/Temp/Untitled_1.Untitled_C' with ClassGeneratedBy '/Temp/Untitled_1.Untitled_1:PersistentLevel.Untitled'
[2020.01.17-16.32.32:895][279]BlueprintLog: New page: Pre-Play auto-recompile
[2020.01.17-16.32.32:963][279]LogPlayLevel: [PlayLevel] Compiling Untitled before play...
[2020.01.17-16.32.35:297][279]LogPlayLevel: PlayLevel: Blueprint regeneration took 2401 ms (1 blueprints)
[2020.01.17-16.32.35:300][279]PIE: New page: PIE session: Untitled_1 (17 sty 2020, 18:32:35)
[2020.01.17-16.32.35:301][279]LogPlayLevel: Creating play world package: /Temp/UEDPIE_0_Untitled_1
[2020.01.17-16.32.35:346][279]LogPlayLevel: PIE: StaticDuplicateObject took: (0.043135s)
[2020.01.17-16.32.35:355][279]LogAIModule: Creating AISystem for world Untitled_1
[2020.01.17-16.32.35:358][279]LogPlayLevel: PIE: World Init took: (0.010735s)
[2020.01.17-16.32.35:359][279]LogPlayLevel: PIE: Created PIE world by copying editor world from /Temp/Untitled_1.Untitled_1 to /Temp/UEDPIE_0_Untitled_1.Untitled_1 (0.057473s)
[2020.01.17-16.32.35:451][279]LogInit: XAudio2 using 'Speakers (Conexant SmartAudio HD)' : 2 channels at 48 kHz using 32 bits per sample (channel mask 0x3)
[2020.01.17-16.32.35:577][279]LogInit: FAudioDevice initialized.
[2020.01.17-16.32.35:614][279]LogLoad: Game class is 'GameModeBase'
[2020.01.17-16.32.35:616][279]LogWorld: Bringing World /Temp/UEDPIE_0_Untitled_1.Untitled_1 up for play (max tick rate 60) at 2020.01.17-17.32.35
[2020.01.17-16.32.35:616][279]LogWorld: Bringing up level for play took: 0.001432
[2020.01.17-16.32.35:631][279]PIE: Play in editor start time for /Temp/UEDPIE_0_Untitled_1 1,793
[2020.01.17-16.32.35:631][279]LogBlueprintUserMessages: Late PlayInEditor Detection: Level '/Temp/Untitled_1.Untitled_1:PersistentLevel' has LevelScriptBlueprint '/Temp/Untitled_1.Untitled_1:PersistentLevel.Untitled' with GeneratedClass '/Temp/Untitled_1.Untitled_C' with ClassGeneratedBy '/Temp/Untitled_1.Untitled_1:PersistentLevel.Untitled'
[2020.01.17-16.32.53:714][741]LogBlueprintUserMessages: [Untitled_C_5] PRZÓD
[2020.01.17-16.32.53:987][752]LogBlueprintUserMessages: [Untitled_C_5] PRZÓD
[2020.01.17-16.32.54:233][762]LogBlueprintUserMessages: [Untitled_C_5] PRZÓD
[2020.01.17-16.32.54:473][772]LogBlueprintUserMessages: [Untitled_C_5] PRZÓD
[2020.01.17-16.32.54:691][781]LogBlueprintUserMessages: [Untitled_C_5] PRZÓD
[2020.01.17-16.32.54:876][789]LogBlueprintUserMessages: [Untitled_C_5] PRZÓD
[2020.01.17-16.32.55:087][798]LogBlueprintUserMessages: [Untitled_C_5] PRZÓD
[2020.01.17-16.32.55:320][808]LogBlueprintUserMessages: [Untitled_C_5] PRZÓD
[2020.01.17-16.32.55:553][818]LogBlueprintUserMessages: [Untitled_C_5] PRZÓD
[2020.01.17-16.32.55:762][827]LogBlueprintUserMessages: [Untitled_C_5] PRZÓD
[2020.01.17-16.32.55:948][835]LogBlueprintUserMessages: [Untitled_C_5] PRZÓD
[2020.01.17-16.32.56:157][844]LogBlueprintUserMessages: [Untitled_C_5] PRZÓD
[2020.01.17-16.33.04:464][970]LogBlueprintUserMessages: [Untitled_C_5] PRZÓD
[2020.01.17-16.33.05:493][989]LogBlueprintUserMessages: [Untitled_C_5] PRZÓD
[2020.01.17-16.33.05:749][999]LogBlueprintUserMessages: [Untitled_C_5] PRZÓD
[2020.01.17-16.33.06:000][  9]LogBlueprintUserMessages: [Untitled_C_5] PRZÓD
[2020.01.17-16.33.06:204][ 17]LogBlueprintUserMessages: [Untitled_C_5] PRZÓD
[2020.01.17-16.33.06:459][ 27]LogBlueprintUserMessages: [Untitled_C_5] PRZÓD
[2020.01.17-16.33.07:413][ 65]LogBlueprintUserMessages: [Untitled_C_5] PRZÓD
[2020.01.17-16.33.07:618][ 73]LogBlueprintUserMessages: [Untitled_C_5] PRZÓD
[2020.01.17-16.33.07:828][ 81]LogBlueprintUserMessages: [Untitled_C_5] PRZÓD
[2020.01.17-16.33.08:074][ 91]LogBlueprintUserMessages: [Untitled_C_5] PRZÓD
[2020.01.17-16.33.08:471][107]LogBlueprintUserMessages: [Untitled_C_5] PRZÓD
[2020.01.17-16.33.08:749][118]LogBlueprintUserMessages: [Untitled_C_5] PRZÓD
[2020.01.17-16.33.09:001][128]LogBlueprintUserMessages: [Untitled_C_5] PRZÓD
[2020.01.17-16.33.09:532][150]LogBlueprintUserMessages: [Untitled_C_5] PRZÓD
[2020.01.17-16.33.09:868][163]LogBlueprintUserMessages: [Untitled_C_5] PRZÓD
[2020.01.17-16.33.10:152][175]LogBlueprintUserMessages: [Untitled_C_5] PRZÓD
[2020.01.17-16.33.14:742][280]LogBlueprintUserMessages: Early EndPlayMap Detection: Level '/Temp/Untitled_1.Untitled_1:PersistentLevel' has LevelScriptBlueprint '/Temp/Untitled_1.Untitled_1:PersistentLevel.Untitled' with GeneratedClass '/Temp/Untitled_1.Untitled_C' with ClassGeneratedBy '/Temp/Untitled_1.Untitled_1:PersistentLevel.Untitled'
[2020.01.17-16.33.14:746][280]LogSlate: Updating window title bar state: overlay mode, drag disabled, window buttons hidden, title bar hidden
[2020.01.17-16.33.14:881][280]LogPlayLevel: Display: Shutting down PIE online subsystems
[2020.01.17-16.33.14:883][280]LogBlueprintUserMessages: Late EndPlayMap Detection: Level '/Temp/Untitled_1.Untitled_1:PersistentLevel' has LevelScriptBlueprint '/Temp/Untitled_1.Untitled_1:PersistentLevel.Untitled' with GeneratedClass '/Temp/Untitled_1.Untitled_C' with ClassGeneratedBy '/Temp/Untitled_1.Untitled_1:PersistentLevel.Untitled'
[2020.01.17-16.33.15:155][280]LogSlate: Updating window title bar state: overlay mode, drag disabled, window buttons hidden, title bar hidden
[2020.01.17-16.33.15:514][281]LogPlayLevel: Display: Destroying online subsystem :Context_7
[2020.01.17-16.33.24:456][606]LogSlate: FSceneViewport::OnFocusLost() reason 0
[2020.01.17-16.33.28:366][839]LogTemp: Repeating last play command: Selected Viewport
[2020.01.17-16.33.28:383][839]LogBlueprintUserMessages: Early PlayInEditor Detection: Level '/Temp/Untitled_1.Untitled_1:PersistentLevel' has LevelScriptBlueprint '/Temp/Untitled_1.Untitled_1:PersistentLevel.Untitled' with GeneratedClass '/Temp/Untitled_1.Untitled_C' with ClassGeneratedBy '/Temp/Untitled_1.Untitled_1:PersistentLevel.Untitled'
[2020.01.17-16.33.28:384][839]BlueprintLog: New page: Pre-Play auto-recompile
[2020.01.17-16.33.28:389][839]LogPlayLevel: [PlayLevel] Compiling Untitled before play...
[2020.01.17-16.33.28:610][839]LogPlayLevel: PlayLevel: Blueprint regeneration took 226 ms (1 blueprints)
[2020.01.17-16.33.28:610][839]PIE: New page: PIE session: Untitled_1 (17 sty 2020, 18:33:28)
[2020.01.17-16.33.28:610][839]LogPlayLevel: Creating play world package: /Temp/UEDPIE_0_Untitled_1
[2020.01.17-16.33.28:614][839]LogPlayLevel: PIE: StaticDuplicateObject took: (0.004128s)
[2020.01.17-16.33.28:616][839]LogAIModule: Creating AISystem for world Untitled_1
[2020.01.17-16.33.28:616][839]LogPlayLevel: PIE: World Init took: (0.001623s)
[2020.01.17-16.33.28:616][839]LogPlayLevel: PIE: Created PIE world by copying editor world from /Temp/Untitled_1.Untitled_1 to /Temp/UEDPIE_0_Untitled_1.Untitled_1 (0.006099s)
[2020.01.17-16.33.28:659][839]LogInit: XAudio2 using 'Speakers (Conexant SmartAudio HD)' : 2 channels at 48 kHz using 32 bits per sample (channel mask 0x3)
[2020.01.17-16.33.28:759][839]LogInit: FAudioDevice initialized.
[2020.01.17-16.33.28:802][839]LogLoad: Game class is 'GameModeBase'
[2020.01.17-16.33.28:804][839]LogWorld: Bringing World /Temp/UEDPIE_0_Untitled_1.Untitled_1 up for play (max tick rate 60) at 2020.01.17-17.33.28
[2020.01.17-16.33.28:804][839]LogWorld: Bringing up level for play took: 0.001268
[2020.01.17-16.33.28:818][839]PIE: Play in editor start time for /Temp/UEDPIE_0_Untitled_1 0,981
[2020.01.17-16.33.28:818][839]LogBlueprintUserMessages: Late PlayInEditor Detection: Level '/Temp/Untitled_1.Untitled_1:PersistentLevel' has LevelScriptBlueprint '/Temp/Untitled_1.Untitled_1:PersistentLevel.Untitled' with GeneratedClass '/Temp/Untitled_1.Untitled_C' with ClassGeneratedBy '/Temp/Untitled_1.Untitled_1:PersistentLevel.Untitled'
[2020.01.17-16.33.31:667][918]LogBlueprintUserMessages: [Untitled_C_6] PRZÓD
[2020.01.17-16.33.31:976][932]LogBlueprintUserMessages: [Untitled_C_6] PRZÓD
[2020.01.17-16.33.32:220][943]LogBlueprintUserMessages: [Untitled_C_6] PRZÓD
[2020.01.17-16.33.32:434][953]LogBlueprintUserMessages: [Untitled_C_6] PRZÓD
[2020.01.17-16.33.39:483][ 79]LogBlueprintUserMessages: Early EndPlayMap Detection: Level '/Temp/Untitled_1.Untitled_1:PersistentLevel' has LevelScriptBlueprint '/Temp/Untitled_1.Untitled_1:PersistentLevel.Untitled' with GeneratedClass '/Temp/Untitled_1.Untitled_C' with ClassGeneratedBy '/Temp/Untitled_1.Untitled_1:PersistentLevel.Untitled'
[2020.01.17-16.33.39:484][ 79]LogSlate: Updating window title bar state: overlay mode, drag disabled, window buttons hidden, title bar hidden
[2020.01.17-16.33.39:613][ 79]LogPlayLevel: Display: Shutting down PIE online subsystems
[2020.01.17-16.33.39:615][ 79]LogBlueprintUserMessages: Late EndPlayMap Detection: Level '/Temp/Untitled_1.Untitled_1:PersistentLevel' has LevelScriptBlueprint '/Temp/Untitled_1.Untitled_1:PersistentLevel.Untitled' with GeneratedClass '/Temp/Untitled_1.Untitled_C' with ClassGeneratedBy '/Temp/Untitled_1.Untitled_1:PersistentLevel.Untitled'
[2020.01.17-16.33.39:850][ 79]LogSlate: Updating window title bar state: overlay mode, drag disabled, window buttons hidden, title bar hidden
[2020.01.17-16.33.40:297][ 80]LogPlayLevel: Display: Destroying online subsystem :Context_8
[2020.01.17-16.33.51:474][650]LogSlate: FSceneViewport::OnFocusLost() reason 0
[2020.01.17-16.33.51:684][659]LogSlate: Window 'Untitled* - Level Blueprint Editor' being destroyed
[2020.01.17-16.33.51:692][659]LogSlate: Window 'Untitled* - Level Blueprint Editor' being destroyed
[2020.01.17-16.34.01:970][767]LogSlate: Window 'Save Level As' being destroyed
[2020.01.17-16.34.11:982][191]LogTextFormatter: Warning: Failed to parse argument "ExistingAsset" as a number (using "0" as a fallback). Please check your format string for errors: "{ExistingAsset} already exists. Do you want to replace it?".
[2020.01.17-16.34.14:676][191]LogSlate: Window 'Message' being destroyed
[2020.01.17-16.34.14:683][191]LogSlate: Window 'Save Level As' being destroyed
[2020.01.17-16.34.15:361][191]LogSavePackage: Moving '../../../../../../Users/Ja/Desktop/programowanko/zuzannazaremba01/Saved/UntitledECB4442849176C85FB46BBB864597B3D.tmp' to '../../../../../../Users/Ja/Desktop/programowanko/zuzannazaremba01/Content/StarterContent/Maps/Untitled.umap'
[2020.01.17-16.34.15:420][191]LogFileHelpers: Saving map 'Untitled' took 0.720
[2020.01.17-16.36.43:817][154]LogAssetEditorManager: Opening Asset editor for LevelScriptBlueprint /Game/StarterContent/Maps/Untitled.Untitled:PersistentLevel.Untitled
[2020.01.17-16.37.54:798][461]LogSlate: Window 'Untitled* - Level Blueprint Editor' being destroyed
[2020.01.17-16.37.54:807][461]LogSlate: Window 'Untitled* - Level Blueprint Editor' being destroyed
[2020.01.17-16.37.57:292][602]LogAssetEditorManager: Opening Asset editor for LevelScriptBlueprint /Game/StarterContent/Maps/Untitled.Untitled:PersistentLevel.Untitled
[2020.01.17-16.39.33:112][935]LogSlate: Window 'Untitled* - Level Blueprint Editor' being destroyed
[2020.01.17-16.39.33:120][935]LogSlate: Window 'Untitled* - Level Blueprint Editor' being destroyed
[2020.01.17-16.41.16:578][ 29]LogSavePackage: Moving '../../../../../../Users/Ja/Desktop/programowanko/zuzannazaremba01/Saved/Untitled51DC8F1E41043286F04284B56FD0F75C.tmp' to '../../../../../../Users/Ja/Desktop/programowanko/zuzannazaremba01/Content/StarterContent/Maps/Untitled.umap'
[2020.01.17-16.41.16:607][ 29]LogFileHelpers: Saving map 'Untitled' took 0.417
[2020.01.17-16.41.16:681][ 29]LogSavePackage: Moving '../../../../../../Users/Ja/Desktop/programowanko/zuzannazaremba01/Saved/Untitled_BuiltDataCEA42AD54723CE08327AB0BE2602CBFF.tmp' to '../../../../../../Users/Ja/Desktop/programowanko/zuzannazaremba01/Content/StarterContent/Maps/Untitled_BuiltData.uasset'
[2020.01.17-16.41.31:198][866]LogMetaData: Removing '/Game/StarterContent/Maps/level1.SKEL_level1_C' ref from Metadata '/Game/StarterContent/Maps/Untitled.PackageMetaData'
[2020.01.17-16.41.31:198][866]LogMetaData: Removing '/Game/StarterContent/Maps/level1.level1_C' ref from Metadata '/Game/StarterContent/Maps/Untitled.PackageMetaData'
[2020.01.17-16.41.31:198][866]LogMetaData: Removing '/Game/StarterContent/Maps/level1.level1:PersistentLevel.level1.EventGraph.K2Node_Event_0' ref from Metadata '/Game/StarterContent/Maps/Untitled.PackageMetaData'
[2020.01.17-16.41.31:248][866]LogSavePackage: Moving '../../../../../../Users/Ja/Desktop/programowanko/zuzannazaremba01/Saved/level1_BuiltData546AFD434884B1FEAB529CBEB3D7F041.tmp' to '../../../../../../Users/Ja/Desktop/programowanko/zuzannazaremba01/Content/StarterContent/Maps/level1_BuiltData.uasset'
[2020.01.17-16.41.31:614][866]LogSavePackage: Moving '../../../../../../Users/Ja/Desktop/programowanko/zuzannazaremba01/Saved/level1024FD8464138D3642560178B6D7B9322.tmp' to '../../../../../../Users/Ja/Desktop/programowanko/zuzannazaremba01/Content/StarterContent/Maps/level1.umap'
[2020.01.17-16.41.31:657][866]LogFileHelpers: Saving map 'level1' took 0.400
[2020.01.17-16.41.36:396][116]LogAssetEditorManager: Opening Asset editor for World /Game/StarterContent/Maps/level1.level1
[2020.01.17-16.41.36:431][116]Cmd: MAP LOAD FILE="../../../../../../Users/Ja/Desktop/programowanko/zuzannazaremba01/Content/StarterContent/Maps/level1.umap" TEMPLATE=0 SHOWPROGRESS=1 FEATURELEVEL=3
[2020.01.17-16.41.36:432][116]LightingResults: New page: Lighting Build
[2020.01.17-16.41.36:432][116]LoadErrors: New page: Loading map: level1.umap
[2020.01.17-16.41.36:433][116]MapCheck: New page: Map Check
[2020.01.17-16.41.36:433][116]LightingResults: New page: Lighting Build
[2020.01.17-16.41.36:498][116]LogAIModule: Creating AISystem for world level1
[2020.01.17-16.41.36:503][116]LogEditorServer: Finished looking for orphan Actors (0.000 secs)
[2020.01.17-16.41.36:557][116]Cmd: MAP CHECKDEP NOCLEARLOG
[2020.01.17-16.41.36:687][116]MapCheck: Map check complete: 0 Error(s), 0 Warning(s), took 129,207ms to complete.
[2020.01.17-16.41.36:688][116]LogFileHelpers: Loading map 'level1' took 0.258
[2020.01.17-16.41.41:320][378]LogAssetEditorManager: Opening Asset editor for LevelScriptBlueprint /Game/StarterContent/Maps/level1.level1:PersistentLevel.level1
[2020.01.17-16.42.51:010][498]LogActorFactory: Actor Factory created Shape_Sphere
[2020.01.17-16.42.51:866][523]LogActorFactory: Actor Factory created Shape_Sphere
[2020.01.17-16.43.06:646][336]LogSlate: FSceneViewport::OnFocusLost() reason 2
[2020.01.17-16.43.11:427][623]LogSlate: FSceneViewport::OnFocusLost() reason 2
[2020.01.17-16.44.25:746][439]LogSlate: FSceneViewport::OnFocusLost() reason 0
[2020.01.17-16.46.07:873][433]LogSlate: FSceneViewport::OnFocusLost() reason 0
[2020.01.17-16.46.21:091][122]LogTemp: Repeating last play command: Selected Viewport
[2020.01.17-16.46.21:231][122]LogBlueprintUserMessages: Early PlayInEditor Detection: Level '/Game/StarterContent/Maps/level1.level1:PersistentLevel' has LevelScriptBlueprint '/Game/StarterContent/Maps/level1.level1:PersistentLevel.level1' with GeneratedClass '/Game/StarterContent/Maps/level1.level1_C' with ClassGeneratedBy '/Game/StarterContent/Maps/level1.level1:PersistentLevel.level1'
[2020.01.17-16.46.21:232][122]LogPlayLevel: PlayLevel: No blueprints needed recompiling
[2020.01.17-16.46.21:234][122]PIE: New page: PIE session: level1 (17 sty 2020, 18:46:21)
[2020.01.17-16.46.21:235][122]LogPlayLevel: Creating play world package: /Game/StarterContent/Maps/UEDPIE_0_level1
[2020.01.17-16.46.21:273][122]LogPlayLevel: PIE: StaticDuplicateObject took: (0.037114s)
[2020.01.17-16.46.21:288][122]LogAIModule: Creating AISystem for world level1
[2020.01.17-16.46.21:291][122]LogPlayLevel: PIE: World Init took: (0.017466s)
[2020.01.17-16.46.21:292][122]LogPlayLevel: PIE: Created PIE world by copying editor world from /Game/StarterContent/Maps/level1.level1 to /Game/StarterContent/Maps/UEDPIE_0_level1.level1 (0.056223s)
[2020.01.17-16.46.21:633][122]LogInit: XAudio2 using 'Speakers (Conexant SmartAudio HD)' : 2 channels at 48 kHz using 32 bits per sample (channel mask 0x3)
[2020.01.17-16.46.22:516][122]LogInit: FAudioDevice initialized.
[2020.01.17-16.46.22:615][122]LogLoad: Game class is 'GameModeBase'
[2020.01.17-16.46.22:627][122]LogWorld: Bringing World /Game/StarterContent/Maps/UEDPIE_0_level1.level1 up for play (max tick rate 60) at 2020.01.17-17.46.22
[2020.01.17-16.46.22:630][122]LogWorld: Bringing up level for play took: 0.008304
[2020.01.17-16.46.22:661][122]PIE: Play in editor start time for /Game/StarterContent/Maps/UEDPIE_0_level1 0,824
[2020.01.17-16.46.22:663][122]LogBlueprintUserMessages: Late PlayInEditor Detection: Level '/Game/StarterContent/Maps/level1.level1:PersistentLevel' has LevelScriptBlueprint '/Game/StarterContent/Maps/level1.level1:PersistentLevel.level1' with GeneratedClass '/Game/StarterContent/Maps/level1.level1_C' with ClassGeneratedBy '/Game/StarterContent/Maps/level1.level1:PersistentLevel.level1'
[2020.01.17-16.46.39:532][351]LogBlueprintUserMessages: Early EndPlayMap Detection: Level '/Game/StarterContent/Maps/level1.level1:PersistentLevel' has LevelScriptBlueprint '/Game/StarterContent/Maps/level1.level1:PersistentLevel.level1' with GeneratedClass '/Game/StarterContent/Maps/level1.level1_C' with ClassGeneratedBy '/Game/StarterContent/Maps/level1.level1:PersistentLevel.level1'
[2020.01.17-16.46.39:534][351]LogSlate: Updating window title bar state: overlay mode, drag disabled, window buttons hidden, title bar hidden
[2020.01.17-16.46.39:684][351]LogPlayLevel: Display: Shutting down PIE online subsystems
[2020.01.17-16.46.39:685][351]LogBlueprintUserMessages: Late EndPlayMap Detection: Level '/Game/StarterContent/Maps/level1.level1:PersistentLevel' has LevelScriptBlueprint '/Game/StarterContent/Maps/level1.level1:PersistentLevel.level1' with GeneratedClass '/Game/StarterContent/Maps/level1.level1_C' with ClassGeneratedBy '/Game/StarterContent/Maps/level1.level1:PersistentLevel.level1'
[2020.01.17-16.46.40:023][351]LogSlate: Updating window title bar state: overlay mode, drag disabled, window buttons hidden, title bar hidden
[2020.01.17-16.46.40:309][352]LogPlayLevel: Display: Destroying online subsystem :Context_12
[2020.01.17-16.46.41:352][363]LogSlate: FSceneViewport::OnFocusLost() reason 2
[2020.01.17-16.46.43:730][408]LogSlate: FSceneViewport::OnFocusLost() reason 2
[2020.01.17-16.46.54:481][498]LogEditorViewport: Clicking on Actor (LMB): BP_Sky_Sphere_C (Sky Sphere)
[2020.01.17-16.46.58:158][540]LogSlate: FSceneViewport::OnFocusLost() reason 0
[2020.01.17-16.46.58:320][542]LogTemp: Repeating last play command: Selected Viewport
[2020.01.17-16.46.58:487][542]LogBlueprintUserMessages: Early PlayInEditor Detection: Level '/Game/StarterContent/Maps/level1.level1:PersistentLevel' has LevelScriptBlueprint '/Game/StarterContent/Maps/level1.level1:PersistentLevel.level1' with GeneratedClass '/Game/StarterContent/Maps/level1.level1_C' with ClassGeneratedBy '/Game/StarterContent/Maps/level1.level1:PersistentLevel.level1'
[2020.01.17-16.46.58:488][542]LogPlayLevel: PlayLevel: No blueprints needed recompiling
[2020.01.17-16.46.58:489][542]PIE: New page: PIE session: level1 (17 sty 2020, 18:46:58)
[2020.01.17-16.46.58:490][542]LogPlayLevel: Creating play world package: /Game/StarterContent/Maps/UEDPIE_0_level1
[2020.01.17-16.46.58:534][542]LogPlayLevel: PIE: StaticDuplicateObject took: (0.042568s)
[2020.01.17-16.46.58:547][542]LogAIModule: Creating AISystem for world level1
[2020.01.17-16.46.58:554][542]LogPlayLevel: PIE: World Init took: (0.018243s)
[2020.01.17-16.46.58:554][542]LogPlayLevel: PIE: Created PIE world by copying editor world from /Game/StarterContent/Maps/level1.level1 to /Game/StarterContent/Maps/UEDPIE_0_level1.level1 (0.063913s)
[2020.01.17-16.46.58:964][542]LogInit: XAudio2 using 'Speakers (Conexant SmartAudio HD)' : 2 channels at 48 kHz using 32 bits per sample (channel mask 0x3)
[2020.01.17-16.47.00:053][542]LogInit: FAudioDevice initialized.
[2020.01.17-16.47.00:145][542]LogLoad: Game class is 'GameModeBase'
[2020.01.17-16.47.00:155][542]LogWorld: Bringing World /Game/StarterContent/Maps/UEDPIE_0_level1.level1 up for play (max tick rate 60) at 2020.01.17-17.47.00
[2020.01.17-16.47.00:158][542]LogWorld: Bringing up level for play took: 0.006992
[2020.01.17-16.47.00:187][542]PIE: Play in editor start time for /Game/StarterContent/Maps/UEDPIE_0_level1 2,351
[2020.01.17-16.47.00:190][542]LogBlueprintUserMessages: Late PlayInEditor Detection: Level '/Game/StarterContent/Maps/level1.level1:PersistentLevel' has LevelScriptBlueprint '/Game/StarterContent/Maps/level1.level1:PersistentLevel.level1' with GeneratedClass '/Game/StarterContent/Maps/level1.level1_C' with ClassGeneratedBy '/Game/StarterContent/Maps/level1.level1:PersistentLevel.level1'
[2020.01.17-16.47.08:858][650]LogSlate: FSceneViewport::OnFocusLost() reason 2
[2020.01.18-16.27.09:971][903]LogHttp: Warning: 000001820FA0A980: request failed, libcurl error: 6 (Couldn't resolve host name)
[2020.01.18-16.27.09:971][903]LogHttp: Warning: 000001820FA0A980: libcurl info message cache 0 (Connection 20 seems to be dead!)
[2020.01.18-16.27.09:971][903]LogHttp: Warning: 000001820FA0A980: libcurl info message cache 1 (Closing connection 20)
[2020.01.18-16.27.09:971][903]LogHttp: Warning: 000001820FA0A980: libcurl info message cache 2 (Could not resolve host: datarouter.ol.epicgames.com)
[2020.01.18-16.27.09:971][903]LogHttp: Warning: 000001820FA0A980: libcurl info message cache 3 (Closing connection 21)
[2020.01.18-16.31.29:870][ 79]LogSlate: FSceneViewport::OnFocusLost() reason 0
[2020.01.18-16.31.30:996][ 86]LogSavePackage: Moving '../../../../../../Users/Ja/Desktop/programowanko/zuzannazaremba01/Saved/level14DA170A546ACE692134D7D9B2562B6E0.tmp' to '../../../../../../Users/Ja/Desktop/programowanko/zuzannazaremba01/Content/StarterContent/Maps/level1.umap'
[2020.01.18-16.31.31:208][ 86]LogSavePackage: Moving '../../../../../../Users/Ja/Desktop/programowanko/zuzannazaremba01/Saved/level1_BuiltDataFA659CD640FB2DBEAC7DF48954CD1B9F.tmp' to '../../../../../../Users/Ja/Desktop/programowanko/zuzannazaremba01/Content/StarterContent/Maps/level1_BuiltData.uasset'
[2020.01.18-16.35.23:893][145]LogSlate: Window 'level1 - Level Blueprint Editor' being destroyed
[2020.01.18-16.35.23:923][145]LogSlate: Window 'zuzannazaremba01 - Unreal Editor' being destroyed
[2020.01.18-16.35.23:924][145]LogWindowsTextInputMethodSystem: Display: IME system now deactivated.
[2020.01.18-16.35.25:964][145]LogBlueprintUserMessages: Early EndPlayMap Detection: Level '/Game/StarterContent/Maps/level1.level1:PersistentLevel' has LevelScriptBlueprint '/Game/StarterContent/Maps/level1.level1:PersistentLevel.level1' with GeneratedClass '/Game/StarterContent/Maps/level1.level1_C' with ClassGeneratedBy '/Game/StarterContent/Maps/level1.level1:PersistentLevel.level1'
[2020.01.18-16.35.25:964][145]LogSlate: Updating window title bar state: overlay mode, drag disabled, window buttons hidden, title bar hidden
[2020.01.18-16.35.25:997][145]LogPlayLevel: Display: Shutting down PIE online subsystems
[2020.01.18-16.35.25:997][145]LogBlueprintUserMessages: Late EndPlayMap Detection: Level '/Game/StarterContent/Maps/level1.level1:PersistentLevel' has LevelScriptBlueprint '/Game/StarterContent/Maps/level1.level1:PersistentLevel.level1' with GeneratedClass '/Game/StarterContent/Maps/level1.level1_C' with ClassGeneratedBy '/Game/StarterContent/Maps/level1.level1:PersistentLevel.level1'
[2020.01.18-16.35.26:026][145]LogSlate: Updating window title bar state: overlay mode, drag disabled, window buttons hidden, title bar hidden
[2020.01.18-16.35.27:068][146]Cmd: QUIT_EDITOR
[2020.01.18-16.35.30:390][146]LogExit: Preparing to exit.
